{"/home/travis/build/npmtest/node-npmtest-autoprefixer/test.js":{"path":"/home/travis/build/npmtest/node-npmtest-autoprefixer/test.js","s":{"1":2,"2":2,"3":2,"4":2,"5":2,"6":2,"7":2,"8":1,"9":2,"10":2,"11":1,"12":1,"13":1,"14":1,"15":2,"16":2,"17":2,"18":2,"19":1,"20":1,"21":2,"22":2,"23":2,"24":1,"25":1,"26":1,"27":1,"28":1,"29":1,"30":1,"31":1,"32":1,"33":1,"34":1,"35":1,"36":1,"37":1,"38":1,"39":2,"40":2,"41":1,"42":2,"43":2,"44":1,"45":2,"46":2,"47":1,"48":2,"49":2,"50":1,"51":1,"52":1,"53":1,"54":1},"b":{"1":[2,1,1,1],"2":[1,1,1,1],"3":[1,1],"4":[1,1],"5":[1,1],"6":[1,1],"7":[1,1],"8":[1,1],"9":[1,1],"10":[1,1,1],"11":[1,1],"12":[1,1],"13":[1,1],"14":[1,1],"15":[1,1],"16":[1,1],"17":[1,1]},"f":{"1":2,"2":2,"3":2,"4":2,"5":2,"6":1,"7":1,"8":1,"9":2,"10":2,"11":2,"12":2,"13":1},"fnMap":{"1":{"name":"(anonymous_1)","line":12,"loc":{"start":{"line":12,"column":1},"end":{"line":12,"column":13}}},"2":{"name":"(anonymous_2)","line":19,"loc":{"start":{"line":19,"column":5},"end":{"line":19,"column":17}}},"3":{"name":"(anonymous_3)","line":23,"loc":{"start":{"line":23,"column":24},"end":{"line":23,"column":36}}},"4":{"name":"(anonymous_4)","line":61,"loc":{"start":{"line":61,"column":5},"end":{"line":61,"column":17}}},"5":{"name":"(anonymous_5)","line":82,"loc":{"start":{"line":82,"column":5},"end":{"line":82,"column":17}}},"6":{"name":"(anonymous_6)","line":91,"loc":{"start":{"line":91,"column":77},"end":{"line":94,"column":10}}},"7":{"name":"(anonymous_7)","line":112,"loc":{"start":{"line":112,"column":83},"end":{"line":115,"column":10}},"skip":true},"8":{"name":"(anonymous_8)","line":123,"loc":{"start":{"line":123,"column":77},"end":{"line":126,"column":10}},"skip":true},"9":{"name":"(anonymous_9)","line":139,"loc":{"start":{"line":139,"column":12},"end":{"line":139,"column":40}},"skip":true},"10":{"name":"(anonymous_10)","line":147,"loc":{"start":{"line":147,"column":77},"end":{"line":150,"column":10}},"skip":true},"11":{"name":"(anonymous_11)","line":158,"loc":{"start":{"line":158,"column":83},"end":{"line":161,"column":10}},"skip":true},"12":{"name":"(anonymous_12)","line":169,"loc":{"start":{"line":169,"column":79},"end":{"line":172,"column":10}},"skip":true},"13":{"name":"(anonymous_13)","line":180,"loc":{"start":{"line":180,"column":75},"end":{"line":183,"column":10}},"skip":true}},"statementMap":{"1":{"start":{"line":12,"column":0},"end":{"line":195,"column":5}},"2":{"start":{"line":14,"column":4},"end":{"line":14,"column":14}},"3":{"start":{"line":19,"column":4},"end":{"line":56,"column":9}},"4":{"start":{"line":21,"column":8},"end":{"line":21,"column":19}},"5":{"start":{"line":23,"column":8},"end":{"line":35,"column":13}},"6":{"start":{"line":24,"column":12},"end":{"line":34,"column":13}},"7":{"start":{"line":25,"column":16},"end":{"line":28,"column":30}},"8":{"start":{"line":30,"column":16},"end":{"line":33,"column":27}},"9":{"start":{"line":37,"column":8},"end":{"line":39,"column":21}},"10":{"start":{"line":40,"column":8},"end":{"line":53,"column":9}},"11":{"start":{"line":43,"column":12},"end":{"line":46,"column":14}},"12":{"start":{"line":47,"column":12},"end":{"line":47,"column":18}},"13":{"start":{"line":50,"column":12},"end":{"line":51,"column":33}},"14":{"start":{"line":52,"column":12},"end":{"line":52,"column":18}},"15":{"start":{"line":55,"column":8},"end":{"line":55,"column":35}},"16":{"start":{"line":61,"column":4},"end":{"line":63,"column":9}},"17":{"start":{"line":62,"column":8},"end":{"line":62,"column":15}},"18":{"start":{"line":64,"column":4},"end":{"line":77,"column":5}},"19":{"start":{"line":70,"column":8},"end":{"line":70,"column":14}},"20":{"start":{"line":76,"column":8},"end":{"line":76,"column":14}},"21":{"start":{"line":82,"column":4},"end":{"line":84,"column":9}},"22":{"start":{"line":83,"column":8},"end":{"line":83,"column":15}},"23":{"start":{"line":85,"column":4},"end":{"line":194,"column":5}},"24":{"start":{"line":91,"column":8},"end":{"line":99,"column":10}},"25":{"start":{"line":98,"column":12},"end":{"line":98,"column":35}},"26":{"start":{"line":102,"column":8},"end":{"line":104,"column":63}},"27":{"start":{"line":105,"column":8},"end":{"line":105,"column":14}},"28":{"start":{"line":112,"column":8},"end":{"line":121,"column":10},"skip":true},"29":{"start":{"line":119,"column":12},"end":{"line":119,"column":55},"skip":true},"30":{"start":{"line":120,"column":12},"end":{"line":120,"column":48},"skip":true},"31":{"start":{"line":123,"column":8},"end":{"line":136,"column":10},"skip":true},"32":{"start":{"line":130,"column":12},"end":{"line":130,"column":76},"skip":true},"33":{"start":{"line":131,"column":12},"end":{"line":131,"column":73},"skip":true},"34":{"start":{"line":132,"column":12},"end":{"line":132,"column":74},"skip":true},"35":{"start":{"line":133,"column":12},"end":{"line":133,"column":79},"skip":true},"36":{"start":{"line":134,"column":12},"end":{"line":134,"column":25},"skip":true},"37":{"start":{"line":135,"column":12},"end":{"line":135,"column":45},"skip":true},"38":{"start":{"line":138,"column":8},"end":{"line":145,"column":14},"skip":true},"39":{"start":{"line":143,"column":16},"end":{"line":143,"column":29},"skip":true},"40":{"start":{"line":144,"column":16},"end":{"line":144,"column":55},"skip":true},"41":{"start":{"line":147,"column":8},"end":{"line":156,"column":10},"skip":true},"42":{"start":{"line":154,"column":12},"end":{"line":154,"column":25},"skip":true},"43":{"start":{"line":155,"column":12},"end":{"line":155,"column":45},"skip":true},"44":{"start":{"line":158,"column":8},"end":{"line":167,"column":10},"skip":true},"45":{"start":{"line":165,"column":12},"end":{"line":165,"column":25},"skip":true},"46":{"start":{"line":166,"column":12},"end":{"line":166,"column":48},"skip":true},"47":{"start":{"line":169,"column":8},"end":{"line":178,"column":10},"skip":true},"48":{"start":{"line":176,"column":12},"end":{"line":176,"column":25},"skip":true},"49":{"start":{"line":177,"column":12},"end":{"line":177,"column":46},"skip":true},"50":{"start":{"line":180,"column":8},"end":{"line":189,"column":10},"skip":true},"51":{"start":{"line":187,"column":12},"end":{"line":187,"column":94},"skip":true},"52":{"start":{"line":188,"column":12},"end":{"line":188,"column":48},"skip":true},"53":{"start":{"line":192,"column":8},"end":{"line":192,"column":35},"skip":true},"54":{"start":{"line":193,"column":8},"end":{"line":193,"column":14},"skip":true}},"branchMap":{"1":{"line":25,"type":"binary-expr","locations":[{"start":{"line":25,"column":23},"end":{"line":25,"column":62}},{"start":{"line":26,"column":20},"end":{"line":26,"column":70}},{"start":{"line":27,"column":20},"end":{"line":27,"column":71}},{"start":{"line":28,"column":20},"end":{"line":28,"column":29}}]},"2":{"line":30,"type":"binary-expr","locations":[{"start":{"line":30,"column":23},"end":{"line":30,"column":37}},{"start":{"line":31,"column":20},"end":{"line":31,"column":61}},{"start":{"line":32,"column":20},"end":{"line":32,"column":70}},{"start":{"line":33,"column":20},"end":{"line":33,"column":26}}]},"3":{"line":37,"type":"cond-expr","locations":[{"start":{"line":38,"column":14},"end":{"line":38,"column":20}},{"start":{"line":39,"column":14},"end":{"line":39,"column":20}}]},"4":{"line":40,"type":"switch","locations":[{"start":{"line":42,"column":8},"end":{"line":47,"column":18}},{"start":{"line":49,"column":8},"end":{"line":52,"column":18}}]},"5":{"line":44,"type":"binary-expr","locations":[{"start":{"line":44,"column":16},"end":{"line":44,"column":44}},{"start":{"line":44,"column":48},"end":{"line":44,"column":66}}]},"6":{"line":50,"type":"binary-expr","locations":[{"start":{"line":50,"column":21},"end":{"line":50,"column":49}},{"start":{"line":50,"column":53},"end":{"line":50,"column":72}}]},"7":{"line":64,"type":"switch","locations":[{"start":{"line":69,"column":4},"end":{"line":70,"column":14}},{"start":{"line":75,"column":4},"end":{"line":76,"column":14}}]},"8":{"line":85,"type":"switch","locations":[{"start":{"line":90,"column":4},"end":{"line":105,"column":14}},{"start":{"line":111,"column":4},"end":{"line":193,"column":14},"skip":true}]},"9":{"line":91,"type":"binary-expr","locations":[{"start":{"line":91,"column":42},"end":{"line":91,"column":73}},{"start":{"line":91,"column":77},"end":{"line":99,"column":9}}]},"10":{"line":102,"type":"binary-expr","locations":[{"start":{"line":102,"column":18},"end":{"line":102,"column":32}},{"start":{"line":103,"column":12},"end":{"line":103,"column":53}},{"start":{"line":104,"column":12},"end":{"line":104,"column":61}}]},"11":{"line":112,"type":"binary-expr","locations":[{"start":{"line":112,"column":45},"end":{"line":112,"column":79},"skip":true},{"start":{"line":112,"column":83},"end":{"line":121,"column":9},"skip":true}]},"12":{"line":123,"type":"binary-expr","locations":[{"start":{"line":123,"column":42},"end":{"line":123,"column":73},"skip":true},{"start":{"line":123,"column":77},"end":{"line":136,"column":9},"skip":true}]},"13":{"line":138,"type":"binary-expr","locations":[{"start":{"line":138,"column":48},"end":{"line":138,"column":85},"skip":true},{"start":{"line":139,"column":12},"end":{"line":145,"column":13},"skip":true}]},"14":{"line":147,"type":"binary-expr","locations":[{"start":{"line":147,"column":42},"end":{"line":147,"column":73},"skip":true},{"start":{"line":147,"column":77},"end":{"line":156,"column":9},"skip":true}]},"15":{"line":158,"type":"binary-expr","locations":[{"start":{"line":158,"column":45},"end":{"line":158,"column":79},"skip":true},{"start":{"line":158,"column":83},"end":{"line":167,"column":9},"skip":true}]},"16":{"line":169,"type":"binary-expr","locations":[{"start":{"line":169,"column":43},"end":{"line":169,"column":75},"skip":true},{"start":{"line":169,"column":79},"end":{"line":178,"column":9},"skip":true}]},"17":{"line":180,"type":"binary-expr","locations":[{"start":{"line":180,"column":41},"end":{"line":180,"column":71},"skip":true},{"start":{"line":180,"column":75},"end":{"line":189,"column":9},"skip":true}]}},"code":["/* istanbul instrument in package npmtest_autoprefixer */","/*jslint","    bitwise: true,","    browser: true,","    maxerr: 8,","    maxlen: 96,","    node: true,","    nomen: true,","    regexp: true,","    stupid: true","*/","(function () {","    'use strict';","    var local;","","","","    // run shared js-env code - init-before","    (function () {","        // init local","        local = {};","        // init modeJs","        local.modeJs = (function () {","            try {","                return typeof navigator.userAgent === 'string' &&","                    typeof document.querySelector('body') === 'object' &&","                    typeof XMLHttpRequest.prototype.open === 'function' &&","                    'browser';","            } catch (errorCaughtBrowser) {","                return module.exports &&","                    typeof process.versions.node === 'string' &&","                    typeof require('http').createServer === 'function' &&","                    'node';","            }","        }());","        // init global","        local.global = local.modeJs === 'browser'","            ? window","            : global;","        switch (local.modeJs) {","        // re-init local from window.local","        case 'browser':","            local = local.global.utility2.objectSetDefault(","                local.global.utility2_rollup || local.global.local,","                local.global.utility2","            );","            break;","        // re-init local from example.js","        case 'node':","            local = (local.global.utility2_rollup || require('utility2'))","                .requireReadme();","            break;","        }","        // export local","        local.global.local = local;","    }());","","","","    // run shared js-env code - function","    (function () {","        return;","    }());","    switch (local.modeJs) {","","","","    // run browser js-env code - function","    case 'browser':","        break;","","","","    // run node js-env code - function","    case 'node':","        break;","    }","","","","    // run shared js-env code - init-after","    (function () {","        return;","    }());","    switch (local.modeJs) {","","","","    // run browser js-env code - init-after","    case 'browser':","        local.testCase_browser_nullCase = local.testCase_browser_nullCase || function (","            options,","            onError","        ) {","        /*","         * this function will test browsers's null-case handling-behavior-behavior","         */","            onError(null, options);","        };","","        // run tests","        local.nop(local.modeTest &&","            document.querySelector('#testRunButton1') &&","            document.querySelector('#testRunButton1').click());","        break;","","","","    // run node js-env code - init-after","    /* istanbul ignore next */","    case 'node':","        local.testCase_buildApidoc_default = local.testCase_buildApidoc_default || function (","            options,","            onError","        ) {","        /*","         * this function will test buildApidoc's default handling-behavior-behavior","         */","            options = { modulePathList: module.paths };","            local.buildApidoc(options, onError);","        };","","        local.testCase_buildApp_default = local.testCase_buildApp_default || function (","            options,","            onError","        ) {","        /*","         * this function will test buildApp's default handling-behavior-behavior","         */","            local.testCase_buildReadme_default(options, local.onErrorThrow);","            local.testCase_buildLib_default(options, local.onErrorThrow);","            local.testCase_buildTest_default(options, local.onErrorThrow);","            local.testCase_buildCustomOrg_default(options, local.onErrorThrow);","            options = [];","            local.buildApp(options, onError);","        };","","        local.testCase_buildCustomOrg_default = local.testCase_buildCustomOrg_default ||","            function (options, onError) {","            /*","             * this function will test buildCustomOrg's default handling-behavior","             */","                options = {};","                local.buildCustomOrg(options, onError);","            };","","        local.testCase_buildLib_default = local.testCase_buildLib_default || function (","            options,","            onError","        ) {","        /*","         * this function will test buildLib's default handling-behavior","         */","            options = {};","            local.buildLib(options, onError);","        };","","        local.testCase_buildReadme_default = local.testCase_buildReadme_default || function (","            options,","            onError","        ) {","        /*","         * this function will test buildReadme's default handling-behavior-behavior","         */","            options = {};","            local.buildReadme(options, onError);","        };","","        local.testCase_buildTest_default = local.testCase_buildTest_default || function (","            options,","            onError","        ) {","        /*","         * this function will test buildTest's default handling-behavior","         */","            options = {};","            local.buildTest(options, onError);","        };","","        local.testCase_webpage_default = local.testCase_webpage_default || function (","            options,","            onError","        ) {","        /*","         * this function will test webpage's default handling-behavior","         */","            options = { modeCoverageMerge: true, url: local.serverLocalHost + '?modeTest=1' };","            local.browserTest(options, onError);","        };","","        // run test-server","        local.testRunServer(local);","        break;","    }","}());",""],"l":{"12":2,"14":2,"19":2,"21":2,"23":2,"24":2,"25":2,"30":1,"37":2,"40":2,"43":1,"47":1,"50":1,"52":1,"55":2,"61":2,"62":2,"64":2,"70":1,"76":1,"82":2,"83":2,"85":2,"91":1,"98":1,"102":1,"105":1,"112":1,"119":1,"120":1,"123":1,"130":1,"131":1,"132":1,"133":1,"134":1,"135":1,"138":1,"143":2,"144":2,"147":1,"154":2,"155":2,"158":1,"165":2,"166":2,"169":1,"176":2,"177":2,"180":1,"187":1,"188":1,"192":1,"193":1}},"/home/travis/build/npmtest/node-npmtest-autoprefixer/lib.npmtest_autoprefixer.js":{"path":"/home/travis/build/npmtest/node-npmtest-autoprefixer/lib.npmtest_autoprefixer.js","s":{"1":2,"2":2,"3":2,"4":2,"5":2,"6":2,"7":2,"8":1,"9":2,"10":2,"11":2,"12":2,"13":1,"14":1,"15":1,"16":1},"b":{"1":[2,1,1,1],"2":[1,1,1,1],"3":[1,1],"4":[2,2],"5":[1,1]},"f":{"1":2,"2":2,"3":2},"fnMap":{"1":{"name":"(anonymous_1)","line":12,"loc":{"start":{"line":12,"column":1},"end":{"line":12,"column":13}}},"2":{"name":"(anonymous_2)","line":19,"loc":{"start":{"line":19,"column":5},"end":{"line":19,"column":17}}},"3":{"name":"(anonymous_3)","line":23,"loc":{"start":{"line":23,"column":24},"end":{"line":23,"column":36}}}},"statementMap":{"1":{"start":{"line":12,"column":0},"end":{"line":53,"column":5}},"2":{"start":{"line":14,"column":4},"end":{"line":14,"column":14}},"3":{"start":{"line":19,"column":4},"end":{"line":52,"column":9}},"4":{"start":{"line":21,"column":8},"end":{"line":21,"column":19}},"5":{"start":{"line":23,"column":8},"end":{"line":35,"column":13}},"6":{"start":{"line":24,"column":12},"end":{"line":34,"column":13}},"7":{"start":{"line":25,"column":16},"end":{"line":28,"column":30}},"8":{"start":{"line":30,"column":16},"end":{"line":33,"column":27}},"9":{"start":{"line":37,"column":8},"end":{"line":39,"column":21}},"10":{"start":{"line":41,"column":8},"end":{"line":41,"column":54}},"11":{"start":{"line":43,"column":8},"end":{"line":43,"column":57}},"12":{"start":{"line":45,"column":8},"end":{"line":51,"column":9}},"13":{"start":{"line":46,"column":12},"end":{"line":46,"column":63}},"14":{"start":{"line":48,"column":12},"end":{"line":48,"column":35}},"15":{"start":{"line":49,"column":12},"end":{"line":49,"column":49}},"16":{"start":{"line":50,"column":12},"end":{"line":50,"column":43}}},"branchMap":{"1":{"line":25,"type":"binary-expr","locations":[{"start":{"line":25,"column":23},"end":{"line":25,"column":62}},{"start":{"line":26,"column":20},"end":{"line":26,"column":70}},{"start":{"line":27,"column":20},"end":{"line":27,"column":71}},{"start":{"line":28,"column":20},"end":{"line":28,"column":29}}]},"2":{"line":30,"type":"binary-expr","locations":[{"start":{"line":30,"column":23},"end":{"line":30,"column":37}},{"start":{"line":31,"column":20},"end":{"line":31,"column":61}},{"start":{"line":32,"column":20},"end":{"line":32,"column":70}},{"start":{"line":33,"column":20},"end":{"line":33,"column":26}}]},"3":{"line":37,"type":"cond-expr","locations":[{"start":{"line":38,"column":14},"end":{"line":38,"column":20}},{"start":{"line":39,"column":14},"end":{"line":39,"column":20}}]},"4":{"line":41,"type":"binary-expr","locations":[{"start":{"line":41,"column":16},"end":{"line":41,"column":44}},{"start":{"line":41,"column":48},"end":{"line":41,"column":53}}]},"5":{"line":45,"type":"if","locations":[{"start":{"line":45,"column":8},"end":{"line":45,"column":8}},{"start":{"line":45,"column":8},"end":{"line":45,"column":8}}]}},"code":["/* istanbul instrument in package npmtest_autoprefixer */","/*jslint","    bitwise: true,","    browser: true,","    maxerr: 8,","    maxlen: 96,","    node: true,","    nomen: true,","    regexp: true,","    stupid: true","*/","(function () {","    'use strict';","    var local;","","","","    // run shared js-env code - init-before","    (function () {","        // init local","        local = {};","        // init modeJs","        local.modeJs = (function () {","            try {","                return typeof navigator.userAgent === 'string' &&","                    typeof document.querySelector('body') === 'object' &&","                    typeof XMLHttpRequest.prototype.open === 'function' &&","                    'browser';","            } catch (errorCaughtBrowser) {","                return module.exports &&","                    typeof process.versions.node === 'string' &&","                    typeof require('http').createServer === 'function' &&","                    'node';","            }","        }());","        // init global","        local.global = local.modeJs === 'browser'","            ? window","            : global;","        // init utility2_rollup","        local = local.global.utility2_rollup || local;","        // init lib","        local.local = local.npmtest_autoprefixer = local;","        // init exports","        if (local.modeJs === 'browser') {","            local.global.utility2_npmtest_autoprefixer = local;","        } else {","            module.exports = local;","            module.exports.__dirname = __dirname;","            module.exports.module = module;","        }","    }());","}());",""],"l":{"12":2,"14":2,"19":2,"21":2,"23":2,"24":2,"25":2,"30":1,"37":2,"41":2,"43":2,"45":2,"46":1,"48":1,"49":1,"50":1}},"/home/travis/build/npmtest/node-npmtest-autoprefixer/example.js":{"path":"/home/travis/build/npmtest/node-npmtest-autoprefixer/example.js","s":{"1":2,"2":2,"3":2,"4":2,"5":2,"6":2,"7":2,"8":1,"9":2,"10":2,"11":2,"12":2,"13":1,"14":2,"15":2,"16":2,"17":2,"18":2,"19":0,"20":2,"21":1,"22":1,"23":1,"24":1,"25":1,"26":0,"27":0,"28":1,"29":1,"30":2,"31":0,"32":0,"33":0,"34":1,"35":2,"36":2,"37":3,"38":3,"39":3,"40":3,"41":0,"42":3,"43":3,"44":3,"45":1,"46":3,"47":1,"48":1,"49":1,"50":1,"51":1,"52":1,"53":1,"54":1,"55":1,"56":1,"57":0,"58":1,"59":6,"60":6,"61":1,"62":2,"63":0,"64":2,"65":1,"66":1,"67":0,"68":0,"69":0,"70":0,"71":0,"72":0,"73":0,"74":0,"75":0,"76":0,"77":0,"78":0,"79":0,"80":0,"81":0,"82":0,"83":0},"b":{"1":[2,1,1,1],"2":[1,1,1,1],"3":[1,1],"4":[2,2],"5":[1,1],"6":[1,1],"7":[2,0],"8":[2,1,1,1,1,1],"9":[0,2,0],"10":[1,1],"11":[2,1,1],"12":[1,0],"13":[0,2],"14":[2,0,0,0,0,0,0],"15":[0,3],"16":[3,0],"17":[1,1],"18":[0,1],"19":[1,2,0,2],"20":[1,0],"21":[1,1],"22":[0,0],"23":[0,0],"24":[0,0],"25":[0,0],"26":[0,0],"27":[0,0],"28":[0,0]},"f":{"1":2,"2":2,"3":2,"4":2,"5":2,"6":2,"7":3,"8":3,"9":3,"10":1,"11":6,"12":0},"fnMap":{"1":{"name":"(anonymous_1)","line":26,"loc":{"start":{"line":26,"column":1},"end":{"line":26,"column":13}}},"2":{"name":"(anonymous_2)","line":33,"loc":{"start":{"line":33,"column":5},"end":{"line":33,"column":17}}},"3":{"name":"(anonymous_3)","line":37,"loc":{"start":{"line":37,"column":24},"end":{"line":37,"column":36}}},"4":{"name":"(anonymous_4)","line":69,"loc":{"start":{"line":69,"column":31},"end":{"line":69,"column":48}},"skip":true},"5":{"name":"(anonymous_5)","line":78,"loc":{"start":{"line":78,"column":26},"end":{"line":78,"column":45}},"skip":true},"6":{"name":"(anonymous_6)","line":123,"loc":{"start":{"line":123,"column":33},"end":{"line":123,"column":48}},"skip":true},"7":{"name":"(anonymous_7)","line":125,"loc":{"start":{"line":125,"column":27},"end":{"line":125,"column":39}},"skip":true},"8":{"name":"(anonymous_8)","line":133,"loc":{"start":{"line":133,"column":59},"end":{"line":133,"column":74}},"skip":true},"9":{"name":"(anonymous_9)","line":143,"loc":{"start":{"line":143,"column":45},"end":{"line":143,"column":62}},"skip":true},"10":{"name":"(anonymous_10)","line":144,"loc":{"start":{"line":144,"column":73},"end":{"line":144,"column":92}},"skip":true},"11":{"name":"(anonymous_11)","line":272,"loc":{"start":{"line":272,"column":51},"end":{"line":272,"column":77}},"skip":true},"12":{"name":"(anonymous_12)","line":315,"loc":{"start":{"line":315,"column":32},"end":{"line":315,"column":61}},"skip":true}},"statementMap":{"1":{"start":{"line":26,"column":0},"end":{"line":326,"column":5}},"2":{"start":{"line":28,"column":4},"end":{"line":28,"column":14}},"3":{"start":{"line":33,"column":4},"end":{"line":60,"column":9}},"4":{"start":{"line":35,"column":8},"end":{"line":35,"column":19}},"5":{"start":{"line":37,"column":8},"end":{"line":49,"column":13}},"6":{"start":{"line":38,"column":12},"end":{"line":48,"column":13}},"7":{"start":{"line":39,"column":16},"end":{"line":42,"column":30}},"8":{"start":{"line":44,"column":16},"end":{"line":47,"column":27}},"9":{"start":{"line":51,"column":8},"end":{"line":53,"column":21}},"10":{"start":{"line":55,"column":8},"end":{"line":57,"column":45}},"11":{"start":{"line":59,"column":8},"end":{"line":59,"column":35}},"12":{"start":{"line":61,"column":4},"end":{"line":325,"column":5}},"13":{"start":{"line":69,"column":8},"end":{"line":121,"column":10},"skip":true},"14":{"start":{"line":70,"column":12},"end":{"line":88,"column":13},"skip":true},"15":{"start":{"line":76,"column":16},"end":{"line":87,"column":19},"skip":true},"16":{"start":{"line":79,"column":20},"end":{"line":86,"column":21},"skip":true},"17":{"start":{"line":82,"column":24},"end":{"line":82,"column":43},"skip":true},"18":{"start":{"line":83,"column":24},"end":{"line":83,"column":30},"skip":true},"19":{"start":{"line":85,"column":24},"end":{"line":85,"column":49},"skip":true},"20":{"start":{"line":89,"column":12},"end":{"line":107,"column":13},"skip":true},"21":{"start":{"line":92,"column":16},"end":{"line":102,"column":17},"skip":true},"22":{"start":{"line":93,"column":20},"end":{"line":93,"column":86},"skip":true},"23":{"start":{"line":94,"column":20},"end":{"line":95,"column":45},"skip":true},"24":{"start":{"line":96,"column":20},"end":{"line":96,"column":42},"skip":true},"25":{"start":{"line":97,"column":20},"end":{"line":97,"column":48},"skip":true},"26":{"start":{"line":100,"column":20},"end":{"line":100,"column":85},"skip":true},"27":{"start":{"line":101,"column":20},"end":{"line":101,"column":96},"skip":true},"28":{"start":{"line":103,"column":16},"end":{"line":103,"column":22},"skip":true},"29":{"start":{"line":106,"column":16},"end":{"line":106,"column":22},"skip":true},"30":{"start":{"line":108,"column":12},"end":{"line":120,"column":13},"skip":true},"31":{"start":{"line":114,"column":16},"end":{"line":119,"column":17},"skip":true},"32":{"start":{"line":116,"column":20},"end":{"line":116,"column":78},"skip":true},"33":{"start":{"line":118,"column":20},"end":{"line":118,"column":47},"skip":true},"34":{"start":{"line":123,"column":8},"end":{"line":141,"column":11},"skip":true},"35":{"start":{"line":124,"column":12},"end":{"line":124,"column":54},"skip":true},"36":{"start":{"line":125,"column":12},"end":{"line":140,"column":14},"skip":true},"37":{"start":{"line":126,"column":16},"end":{"line":126,"column":28},"skip":true},"38":{"start":{"line":127,"column":16},"end":{"line":127,"column":69},"skip":true},"39":{"start":{"line":128,"column":16},"end":{"line":128,"column":75},"skip":true},"40":{"start":{"line":129,"column":16},"end":{"line":131,"column":17},"skip":true},"41":{"start":{"line":130,"column":20},"end":{"line":130,"column":27},"skip":true},"42":{"start":{"line":133,"column":16},"end":{"line":137,"column":36},"skip":true},"43":{"start":{"line":134,"column":20},"end":{"line":136,"column":55},"skip":true},"44":{"start":{"line":139,"column":16},"end":{"line":139,"column":57},"skip":true},"45":{"start":{"line":143,"column":8},"end":{"line":147,"column":11},"skip":true},"46":{"start":{"line":144,"column":12},"end":{"line":146,"column":15},"skip":true},"47":{"start":{"line":145,"column":16},"end":{"line":145,"column":70},"skip":true},"48":{"start":{"line":149,"column":8},"end":{"line":149,"column":31},"skip":true},"49":{"start":{"line":150,"column":8},"end":{"line":150,"column":14},"skip":true},"50":{"start":{"line":158,"column":8},"end":{"line":158,"column":31},"skip":true},"51":{"start":{"line":160,"column":8},"end":{"line":160,"column":33},"skip":true},"52":{"start":{"line":161,"column":8},"end":{"line":161,"column":37},"skip":true},"53":{"start":{"line":162,"column":8},"end":{"line":162,"column":35},"skip":true},"54":{"start":{"line":164,"column":8},"end":{"line":164,"column":50},"skip":true},"55":{"start":{"line":166,"column":8},"end":{"line":256,"column":2},"skip":true},"56":{"start":{"line":258,"column":8},"end":{"line":286,"column":9},"skip":true},"57":{"start":{"line":259,"column":12},"end":{"line":269,"column":14},"skip":true},"58":{"start":{"line":271,"column":12},"end":{"line":285,"column":19},"skip":true},"59":{"start":{"line":274,"column":20},"end":{"line":274,"column":35},"skip":true},"60":{"start":{"line":275,"column":20},"end":{"line":284,"column":21},"skip":true},"61":{"start":{"line":277,"column":24},"end":{"line":277,"column":64},"skip":true},"62":{"start":{"line":279,"column":24},"end":{"line":279,"column":40},"skip":true},"63":{"start":{"line":281,"column":24},"end":{"line":281,"column":40},"skip":true},"64":{"start":{"line":283,"column":24},"end":{"line":283,"column":39},"skip":true},"65":{"start":{"line":288,"column":8},"end":{"line":290,"column":9},"skip":true},"66":{"start":{"line":289,"column":12},"end":{"line":289,"column":18},"skip":true},"67":{"start":{"line":291,"column":8},"end":{"line":293,"column":54},"skip":true},"68":{"start":{"line":296,"column":8},"end":{"line":301,"column":37},"skip":true},"69":{"start":{"line":303,"column":8},"end":{"line":303,"column":82},"skip":true},"70":{"start":{"line":306,"column":8},"end":{"line":308,"column":9},"skip":true},"71":{"start":{"line":307,"column":12},"end":{"line":307,"column":82},"skip":true},"72":{"start":{"line":310,"column":8},"end":{"line":312,"column":9},"skip":true},"73":{"start":{"line":311,"column":12},"end":{"line":311,"column":18},"skip":true},"74":{"start":{"line":313,"column":8},"end":{"line":313,"column":54},"skip":true},"75":{"start":{"line":314,"column":8},"end":{"line":314,"column":69},"skip":true},"76":{"start":{"line":315,"column":8},"end":{"line":323,"column":36},"skip":true},"77":{"start":{"line":316,"column":12},"end":{"line":316,"column":61},"skip":true},"78":{"start":{"line":317,"column":12},"end":{"line":320,"column":13},"skip":true},"79":{"start":{"line":318,"column":16},"end":{"line":318,"column":75},"skip":true},"80":{"start":{"line":319,"column":16},"end":{"line":319,"column":23},"skip":true},"81":{"start":{"line":321,"column":12},"end":{"line":321,"column":38},"skip":true},"82":{"start":{"line":322,"column":12},"end":{"line":322,"column":27},"skip":true},"83":{"start":{"line":324,"column":8},"end":{"line":324,"column":14},"skip":true}},"branchMap":{"1":{"line":39,"type":"binary-expr","locations":[{"start":{"line":39,"column":23},"end":{"line":39,"column":62}},{"start":{"line":40,"column":20},"end":{"line":40,"column":70}},{"start":{"line":41,"column":20},"end":{"line":41,"column":71}},{"start":{"line":42,"column":20},"end":{"line":42,"column":29}}]},"2":{"line":44,"type":"binary-expr","locations":[{"start":{"line":44,"column":23},"end":{"line":44,"column":37}},{"start":{"line":45,"column":20},"end":{"line":45,"column":61}},{"start":{"line":46,"column":20},"end":{"line":46,"column":70}},{"start":{"line":47,"column":20},"end":{"line":47,"column":26}}]},"3":{"line":51,"type":"cond-expr","locations":[{"start":{"line":52,"column":14},"end":{"line":52,"column":20}},{"start":{"line":53,"column":14},"end":{"line":53,"column":20}}]},"4":{"line":55,"type":"binary-expr","locations":[{"start":{"line":55,"column":16},"end":{"line":55,"column":44}},{"start":{"line":55,"column":49},"end":{"line":57,"column":43}}]},"5":{"line":55,"type":"cond-expr","locations":[{"start":{"line":56,"column":14},"end":{"line":56,"column":56}},{"start":{"line":57,"column":14},"end":{"line":57,"column":43}}]},"6":{"line":61,"type":"switch","locations":[{"start":{"line":68,"column":4},"end":{"line":150,"column":14},"skip":true},{"start":{"line":156,"column":4},"end":{"line":324,"column":14},"skip":true}]},"7":{"line":70,"type":"if","locations":[{"start":{"line":70,"column":12},"end":{"line":70,"column":12},"skip":true},{"start":{"line":70,"column":12},"end":{"line":70,"column":12},"skip":true}]},"8":{"line":70,"type":"binary-expr","locations":[{"start":{"line":70,"column":16},"end":{"line":70,"column":22},"skip":true},{"start":{"line":70,"column":27},"end":{"line":70,"column":32},"skip":true},{"start":{"line":71,"column":20},"end":{"line":71,"column":39},"skip":true},{"start":{"line":72,"column":20},"end":{"line":72,"column":49},"skip":true},{"start":{"line":73,"column":20},"end":{"line":73,"column":58},"skip":true},{"start":{"line":74,"column":20},"end":{"line":74,"column":69},"skip":true}]},"9":{"line":79,"type":"switch","locations":[{"start":{"line":80,"column":20},"end":{"line":80,"column":33},"skip":true},{"start":{"line":81,"column":20},"end":{"line":83,"column":30},"skip":true},{"start":{"line":84,"column":20},"end":{"line":85,"column":49},"skip":true}]},"10":{"line":89,"type":"switch","locations":[{"start":{"line":90,"column":12},"end":{"line":103,"column":22},"skip":true},{"start":{"line":105,"column":12},"end":{"line":106,"column":22},"skip":true}]},"11":{"line":89,"type":"binary-expr","locations":[{"start":{"line":89,"column":20},"end":{"line":89,"column":25},"skip":true},{"start":{"line":89,"column":29},"end":{"line":89,"column":48},"skip":true},{"start":{"line":89,"column":52},"end":{"line":89,"column":74},"skip":true}]},"12":{"line":92,"type":"if","locations":[{"start":{"line":92,"column":16},"end":{"line":92,"column":16},"skip":true},{"start":{"line":92,"column":16},"end":{"line":92,"column":16},"skip":true}]},"13":{"line":108,"type":"if","locations":[{"start":{"line":108,"column":12},"end":{"line":108,"column":12},"skip":true},{"start":{"line":108,"column":12},"end":{"line":108,"column":12},"skip":true}]},"14":{"line":108,"type":"binary-expr","locations":[{"start":{"line":108,"column":16},"end":{"line":108,"column":61},"skip":true},{"start":{"line":108,"column":66},"end":{"line":108,"column":72},"skip":true},{"start":{"line":108,"column":77},"end":{"line":108,"column":82},"skip":true},{"start":{"line":109,"column":20},"end":{"line":109,"column":39},"skip":true},{"start":{"line":110,"column":20},"end":{"line":110,"column":49},"skip":true},{"start":{"line":111,"column":20},"end":{"line":111,"column":58},"skip":true},{"start":{"line":112,"column":20},"end":{"line":112,"column":68},"skip":true}]},"15":{"line":129,"type":"if","locations":[{"start":{"line":129,"column":16},"end":{"line":129,"column":16},"skip":true},{"start":{"line":129,"column":16},"end":{"line":129,"column":16},"skip":true}]},"16":{"line":134,"type":"cond-expr","locations":[{"start":{"line":135,"column":26},"end":{"line":135,"column":29},"skip":true},{"start":{"line":136,"column":26},"end":{"line":136,"column":54},"skip":true}]},"17":{"line":164,"type":"binary-expr","locations":[{"start":{"line":164,"column":27},"end":{"line":164,"column":43},"skip":true},{"start":{"line":164,"column":47},"end":{"line":164,"column":49},"skip":true}]},"18":{"line":258,"type":"if","locations":[{"start":{"line":258,"column":8},"end":{"line":258,"column":8},"skip":true},{"start":{"line":258,"column":8},"end":{"line":258,"column":8},"skip":true}]},"19":{"line":275,"type":"switch","locations":[{"start":{"line":276,"column":20},"end":{"line":277,"column":64},"skip":true},{"start":{"line":278,"column":20},"end":{"line":279,"column":40},"skip":true},{"start":{"line":280,"column":20},"end":{"line":281,"column":40},"skip":true},{"start":{"line":282,"column":20},"end":{"line":283,"column":39},"skip":true}]},"20":{"line":288,"type":"if","locations":[{"start":{"line":288,"column":8},"end":{"line":288,"column":8},"skip":true},{"start":{"line":288,"column":8},"end":{"line":288,"column":8},"skip":true}]},"21":{"line":288,"type":"binary-expr","locations":[{"start":{"line":288,"column":12},"end":{"line":288,"column":40},"skip":true},{"start":{"line":288,"column":44},"end":{"line":288,"column":67},"skip":true}]},"22":{"line":292,"type":"binary-expr","locations":[{"start":{"line":292,"column":12},"end":{"line":292,"column":50},"skip":true},{"start":{"line":293,"column":12},"end":{"line":293,"column":53},"skip":true}]},"23":{"line":297,"type":"binary-expr","locations":[{"start":{"line":297,"column":12},"end":{"line":297,"column":70},"skip":true},{"start":{"line":298,"column":12},"end":{"line":301,"column":36},"skip":true}]},"24":{"line":303,"type":"binary-expr","locations":[{"start":{"line":303,"column":43},"end":{"line":303,"column":75},"skip":true},{"start":{"line":303,"column":79},"end":{"line":303,"column":81},"skip":true}]},"25":{"line":306,"type":"if","locations":[{"start":{"line":306,"column":8},"end":{"line":306,"column":8},"skip":true},{"start":{"line":306,"column":8},"end":{"line":306,"column":8},"skip":true}]},"26":{"line":310,"type":"if","locations":[{"start":{"line":310,"column":8},"end":{"line":310,"column":8},"skip":true},{"start":{"line":310,"column":8},"end":{"line":310,"column":8},"skip":true}]},"27":{"line":313,"type":"binary-expr","locations":[{"start":{"line":313,"column":27},"end":{"line":313,"column":43},"skip":true},{"start":{"line":313,"column":47},"end":{"line":313,"column":53},"skip":true}]},"28":{"line":317,"type":"if","locations":[{"start":{"line":317,"column":12},"end":{"line":317,"column":12},"skip":true},{"start":{"line":317,"column":12},"end":{"line":317,"column":12},"skip":true}]}},"code":["/*","example.js","","quickstart example","","instruction","    1. save this script as example.js","    2. run the shell command:","        $ npm install npmtest-autoprefixer && PORT=8081 node example.js","    3. play with the browser-demo on http://127.0.0.1:8081","*/","","","","/* istanbul instrument in package npmtest_autoprefixer */","/*jslint","    bitwise: true,","    browser: true,","    maxerr: 8,","    maxlen: 96,","    node: true,","    nomen: true,","    regexp: true,","    stupid: true","*/","(function () {","    'use strict';","    var local;","","","","    // run shared js-env code - init-before","    (function () {","        // init local","        local = {};","        // init modeJs","        local.modeJs = (function () {","            try {","                return typeof navigator.userAgent === 'string' &&","                    typeof document.querySelector('body') === 'object' &&","                    typeof XMLHttpRequest.prototype.open === 'function' &&","                    'browser';","            } catch (errorCaughtBrowser) {","                return module.exports &&","                    typeof process.versions.node === 'string' &&","                    typeof require('http').createServer === 'function' &&","                    'node';","            }","        }());","        // init global","        local.global = local.modeJs === 'browser'","            ? window","            : global;","        // init utility2_rollup","        local = local.global.utility2_rollup || (local.modeJs === 'browser'","            ? local.global.utility2_npmtest_autoprefixer","            : global.utility2_moduleExports);","        // export local","        local.global.local = local;","    }());","    switch (local.modeJs) {","","","","    // init-after","    // run browser js-env code - init-after","    /* istanbul ignore next */","    case 'browser':","        local.testRunBrowser = function (event) {","            if (!event || (event &&","                    event.currentTarget &&","                    event.currentTarget.className &&","                    event.currentTarget.className.includes &&","                    event.currentTarget.className.includes('onreset'))) {","                // reset output","                Array.from(","                    document.querySelectorAll('body > .resettable')","                ).forEach(function (element) {","                    switch (element.tagName) {","                    case 'INPUT':","                    case 'TEXTAREA':","                        element.value = '';","                        break;","                    default:","                        element.textContent = '';","                    }","                });","            }","            switch (event && event.currentTarget && event.currentTarget.id) {","            case 'testRunButton1':","                // show tests","                if (document.querySelector('#testReportDiv1').style.display === 'none') {","                    document.querySelector('#testReportDiv1').style.display = 'block';","                    document.querySelector('#testRunButton1').textContent =","                        'hide internal test';","                    local.modeTest = true;","                    local.testRunDefault(local);","                // hide tests","                } else {","                    document.querySelector('#testReportDiv1').style.display = 'none';","                    document.querySelector('#testRunButton1').textContent = 'run internal test';","                }","                break;","            // custom-case","            default:","                break;","            }","            if (document.querySelector('#inputTextareaEval1') && (!event || (event &&","                    event.currentTarget &&","                    event.currentTarget.className &&","                    event.currentTarget.className.includes &&","                    event.currentTarget.className.includes('oneval')))) {","                // try to eval input-code","                try {","                    /*jslint evil: true*/","                    eval(document.querySelector('#inputTextareaEval1').value);","                } catch (errorCaught) {","                    console.error(errorCaught);","                }","            }","        };","        // log stderr and stdout to #outputTextareaStdout1","        ['error', 'log'].forEach(function (key) {","            console[key + '_original'] = console[key];","            console[key] = function () {","                var element;","                console[key + '_original'].apply(console, arguments);","                element = document.querySelector('#outputTextareaStdout1');","                if (!element) {","                    return;","                }","                // append text to #outputTextareaStdout1","                element.value += Array.from(arguments).map(function (arg) {","                    return typeof arg === 'string'","                        ? arg","                        : JSON.stringify(arg, null, 4);","                }).join(' ') + '\\n';","                // scroll textarea to bottom","                element.scrollTop = element.scrollHeight;","            };","        });","        // init event-handling","        ['change', 'click', 'keyup'].forEach(function (event) {","            Array.from(document.querySelectorAll('.on' + event)).forEach(function (element) {","                element.addEventListener(event, local.testRunBrowser);","            });","        });","        // run tests","        local.testRunBrowser();","        break;","","","","    // run node js-env code - init-after","    /* istanbul ignore next */","    case 'node':","        // export local","        module.exports = local;","        // require modules","        local.fs = require('fs');","        local.http = require('http');","        local.url = require('url');","        // init assets","        local.assetsDict = local.assetsDict || {};","        /* jslint-ignore-begin */","        local.assetsDict['/assets.index.template.html'] = '\\","<!doctype html>\\n\\","<html lang=\"en\">\\n\\","<head>\\n\\","<meta charset=\"UTF-8\">\\n\\","<meta name=\"viewport\" content=\"width=device-width, initial-scale=1\">\\n\\","<title>{{env.npm_package_name}} (v{{env.npm_package_version}})</title>\\n\\","<style>\\n\\","/*csslint\\n\\","    box-sizing: false,\\n\\","    universal-selector: false\\n\\","*/\\n\\","* {\\n\\","    box-sizing: border-box;\\n\\","}\\n\\","body {\\n\\","    background: #dde;\\n\\","    font-family: Arial, Helvetica, sans-serif;\\n\\","    margin: 2rem;\\n\\","}\\n\\","body > * {\\n\\","    margin-bottom: 1rem;\\n\\","}\\n\\",".utility2FooterDiv {\\n\\","    margin-top: 20px;\\n\\","    text-align: center;\\n\\","}\\n\\","</style>\\n\\","<style>\\n\\","/*csslint\\n\\","*/\\n\\","textarea {\\n\\","    font-family: monospace;\\n\\","    height: 10rem;\\n\\","    width: 100%;\\n\\","}\\n\\","textarea[readonly] {\\n\\","    background: #ddd;\\n\\","}\\n\\","</style>\\n\\","</head>\\n\\","<body>\\n\\","<!-- utility2-comment\\n\\","<div id=\"ajaxProgressDiv1\" style=\"background: #d00; height: 2px; left: 0; margin: 0; padding: 0; position: fixed; top: 0; transition: background 0.5s, width 1.5s; width: 25%;\"></div>\\n\\","utility2-comment -->\\n\\","<h1>\\n\\","<!-- utility2-comment\\n\\","    <a\\n\\","        {{#if env.npm_package_homepage}}\\n\\","        href=\"{{env.npm_package_homepage}}\"\\n\\","        {{/if env.npm_package_homepage}}\\n\\","        target=\"_blank\"\\n\\","    >\\n\\","utility2-comment -->\\n\\","        {{env.npm_package_name}} (v{{env.npm_package_version}})\\n\\","<!-- utility2-comment\\n\\","    </a>\\n\\","utility2-comment -->\\n\\","</h1>\\n\\","<h3>{{env.npm_package_description}}</h3>\\n\\","<!-- utility2-comment\\n\\","<h4><a download href=\"assets.app.js\">download standalone app</a></h4>\\n\\","<button class=\"onclick onreset\" id=\"testRunButton1\">run internal test</button><br>\\n\\","<div id=\"testReportDiv1\" style=\"display: none;\"></div>\\n\\","utility2-comment -->\\n\\","\\n\\","\\n\\","\\n\\","<label>stderr and stdout</label>\\n\\","<textarea class=\"resettable\" id=\"outputTextareaStdout1\" readonly></textarea>\\n\\","<!-- utility2-comment\\n\\","{{#if isRollup}}\\n\\","<script src=\"assets.app.js\"></script>\\n\\","{{#unless isRollup}}\\n\\","utility2-comment -->\\n\\","<script src=\"assets.utility2.rollup.js\"></script>\\n\\","<script src=\"jsonp.utility2._stateInit?callback=window.utility2._stateInit\"></script>\\n\\","<script src=\"assets.npmtest_autoprefixer.rollup.js\"></script>\\n\\","<script src=\"assets.example.js\"></script>\\n\\","<script src=\"assets.test.js\"></script>\\n\\","<!-- utility2-comment\\n\\","{{/if isRollup}}\\n\\","utility2-comment -->\\n\\","<div class=\"utility2FooterDiv\">\\n\\","    [ this app was created with\\n\\","    <a href=\"https://github.com/kaizhu256/node-utility2\" target=\"_blank\">utility2</a>\\n\\","    ]\\n\\","</div>\\n\\","</body>\\n\\","</html>\\n\\","';","        /* jslint-ignore-end */","        if (local.templateRender) {","            local.assetsDict['/'] = local.templateRender(","                local.assetsDict['/assets.index.template.html'],","                {","                    env: local.objectSetDefault(local.env, {","                        npm_package_description: 'the greatest app in the world!',","                        npm_package_name: 'my-app',","                        npm_package_nameAlias: 'my_app',","                        npm_package_version: '0.0.1'","                    })","                }","            );","        } else {","            local.assetsDict['/'] = local.assetsDict['/assets.index.template.html']","                .replace((/\\{\\{env\\.(\\w+?)\\}\\}/g), function (match0, match1) {","                    // jslint-hack","                    String(match0);","                    switch (match1) {","                    case 'npm_package_description':","                        return 'the greatest app in the world!';","                    case 'npm_package_name':","                        return 'my-app';","                    case 'npm_package_nameAlias':","                        return 'my_app';","                    case 'npm_package_version':","                        return '0.0.1';","                    }","                });","        }","        // run the cli","        if (local.global.utility2_rollup || module !== require.main) {","            break;","        }","        local.assetsDict['/assets.example.js'] =","            local.assetsDict['/assets.example.js'] ||","            local.fs.readFileSync(__filename, 'utf8');","        // bug-workaround - long $npm_package_buildCustomOrg","        /* jslint-ignore-begin */","        local.assetsDict['/assets.npmtest_autoprefixer.rollup.js'] =","            local.assetsDict['/assets.npmtest_autoprefixer.rollup.js'] ||","            local.fs.readFileSync(","                local.npmtest_autoprefixer.__dirname + '/lib.npmtest_autoprefixer.js',","                'utf8'","            ).replace((/^#!/), '//');","        /* jslint-ignore-end */","        local.assetsDict['/favicon.ico'] = local.assetsDict['/favicon.ico'] || '';","        // if $npm_config_timeout_exit exists,","        // then exit this process after $npm_config_timeout_exit ms","        if (Number(process.env.npm_config_timeout_exit)) {","            setTimeout(process.exit, Number(process.env.npm_config_timeout_exit));","        }","        // start server","        if (local.global.utility2_serverHttp1) {","            break;","        }","        process.env.PORT = process.env.PORT || '8081';","        console.error('server starting on port ' + process.env.PORT);","        local.http.createServer(function (request, response) {","            request.urlParsed = local.url.parse(request.url);","            if (local.assetsDict[request.urlParsed.pathname] !== undefined) {","                response.end(local.assetsDict[request.urlParsed.pathname]);","                return;","            }","            response.statusCode = 404;","            response.end();","        }).listen(process.env.PORT);","        break;","    }","}());",""],"l":{"26":2,"28":2,"33":2,"35":2,"37":2,"38":2,"39":2,"44":1,"51":2,"55":2,"59":2,"61":2,"69":1,"70":2,"76":2,"79":2,"82":2,"83":2,"85":1,"89":2,"92":1,"93":1,"94":1,"96":1,"97":1,"100":1,"101":1,"103":1,"106":1,"108":2,"114":1,"116":1,"118":1,"123":1,"124":2,"125":2,"126":3,"127":3,"128":3,"129":3,"130":1,"133":3,"134":3,"139":3,"143":1,"144":3,"145":1,"149":1,"150":1,"158":1,"160":1,"161":1,"162":1,"164":1,"166":1,"258":1,"259":1,"271":1,"274":6,"275":6,"277":1,"279":2,"281":1,"283":2,"288":1,"289":1,"291":1,"296":1,"303":1,"306":1,"307":1,"310":1,"311":1,"313":1,"314":1,"315":1,"316":1,"317":1,"318":1,"319":1,"321":1,"322":1,"324":1}},"/home/travis/build/npmtest/node-npmtest-autoprefixer/node_modules/autoprefixer/lib/autoprefixer.js":{"path":"/home/travis/build/npmtest/node-npmtest-autoprefixer/node_modules/autoprefixer/lib/autoprefixer.js","s":{"1":1,"2":1,"3":1,"4":1,"5":1,"6":1,"7":1,"8":0,"9":1,"10":1,"11":0,"12":0,"13":0,"14":0,"15":0,"16":0,"17":0,"18":1,"19":0,"20":0,"21":0,"22":0,"23":0,"24":0,"25":0,"26":0,"27":0,"28":0,"29":0,"30":0,"31":0,"32":0,"33":0,"34":0,"35":0,"36":0,"37":0,"38":0,"39":0,"40":0,"41":0,"42":0,"43":0,"44":0,"45":0,"46":0,"47":0,"48":0,"49":0,"50":0,"51":0,"52":0,"53":0,"54":1,"55":1,"56":1,"57":0},"b":{"1":[0,0],"2":[0,0],"3":[0,0],"4":[0,0],"5":[0,0],"6":[0,0],"7":[0,0],"8":[0,0,0],"9":[0,0],"10":[0,0,0],"11":[0,0],"12":[0,0],"13":[0,0],"14":[0,0],"15":[0,0],"16":[0,0],"17":[0,0],"18":[0,0]},"f":{"1":1,"2":0,"3":0,"4":0,"5":0,"6":0,"7":0,"8":0},"fnMap":{"1":{"name":"(anonymous_1)","line":1,"loc":{"start":{"line":1,"column":1},"end":{"line":1,"column":12}}},"2":{"name":"(anonymous_2)","line":13,"loc":{"start":{"line":13,"column":18},"end":{"line":13,"column":32}}},"3":{"name":"(anonymous_3)","line":19,"loc":{"start":{"line":19,"column":16},"end":{"line":19,"column":43}}},"4":{"name":"(anonymous_4)","line":32,"loc":{"start":{"line":32,"column":50},"end":{"line":32,"column":61}}},"5":{"name":"(anonymous_5)","line":53,"loc":{"start":{"line":53,"column":19},"end":{"line":53,"column":34}}},"6":{"name":"(anonymous_6)","line":60,"loc":{"start":{"line":60,"column":13},"end":{"line":60,"column":35}}},"7":{"name":"(anonymous_7)","line":75,"loc":{"start":{"line":75,"column":18},"end":{"line":75,"column":33}}},"8":{"name":"(anonymous_8)","line":88,"loc":{"start":{"line":88,"column":24},"end":{"line":88,"column":35}}}},"statementMap":{"1":{"start":{"line":1,"column":0},"end":{"line":92,"column":14}},"2":{"start":{"line":2,"column":2},"end":{"line":3,"column":21}},"3":{"start":{"line":5,"column":2},"end":{"line":5,"column":41}},"4":{"start":{"line":7,"column":2},"end":{"line":7,"column":31}},"5":{"start":{"line":9,"column":2},"end":{"line":9,"column":35}},"6":{"start":{"line":11,"column":2},"end":{"line":11,"column":35}},"7":{"start":{"line":13,"column":2},"end":{"line":15,"column":4}},"8":{"start":{"line":14,"column":4},"end":{"line":14,"column":70}},"9":{"start":{"line":17,"column":2},"end":{"line":17,"column":13}},"10":{"start":{"line":19,"column":2},"end":{"line":30,"column":4}},"11":{"start":{"line":20,"column":4},"end":{"line":22,"column":5}},"12":{"start":{"line":21,"column":6},"end":{"line":21,"column":13}},"13":{"start":{"line":23,"column":4},"end":{"line":25,"column":5}},"14":{"start":{"line":24,"column":6},"end":{"line":24,"column":13}},"15":{"start":{"line":26,"column":4},"end":{"line":28,"column":5}},"16":{"start":{"line":27,"column":6},"end":{"line":27,"column":13}},"17":{"start":{"line":29,"column":4},"end":{"line":29,"column":168}},"18":{"start":{"line":32,"column":2},"end":{"line":79,"column":5}},"19":{"start":{"line":33,"column":4},"end":{"line":33,"column":44}},"20":{"start":{"line":34,"column":4},"end":{"line":34,"column":65}},"21":{"start":{"line":35,"column":4},"end":{"line":45,"column":5}},"22":{"start":{"line":36,"column":6},"end":{"line":36,"column":24}},"23":{"start":{"line":37,"column":6},"end":{"line":37,"column":20}},"24":{"start":{"line":38,"column":11},"end":{"line":45,"column":5}},"25":{"start":{"line":39,"column":6},"end":{"line":39,"column":20}},"26":{"start":{"line":40,"column":11},"end":{"line":45,"column":5}},"27":{"start":{"line":41,"column":6},"end":{"line":41,"column":24}},"28":{"start":{"line":42,"column":6},"end":{"line":42,"column":21}},"29":{"start":{"line":43,"column":11},"end":{"line":45,"column":5}},"30":{"start":{"line":44,"column":6},"end":{"line":44,"column":27}},"31":{"start":{"line":46,"column":4},"end":{"line":46,"column":30}},"32":{"start":{"line":47,"column":4},"end":{"line":49,"column":5}},"33":{"start":{"line":48,"column":6},"end":{"line":48,"column":79}},"34":{"start":{"line":50,"column":4},"end":{"line":52,"column":5}},"35":{"start":{"line":51,"column":6},"end":{"line":51,"column":30}},"36":{"start":{"line":53,"column":4},"end":{"line":59,"column":6}},"37":{"start":{"line":54,"column":6},"end":{"line":54,"column":31}},"38":{"start":{"line":55,"column":6},"end":{"line":55,"column":28}},"39":{"start":{"line":56,"column":6},"end":{"line":56,"column":79}},"40":{"start":{"line":57,"column":6},"end":{"line":57,"column":67}},"41":{"start":{"line":58,"column":6},"end":{"line":58,"column":104}},"42":{"start":{"line":60,"column":4},"end":{"line":73,"column":6}},"43":{"start":{"line":61,"column":6},"end":{"line":61,"column":24}},"44":{"start":{"line":62,"column":6},"end":{"line":65,"column":9}},"45":{"start":{"line":66,"column":6},"end":{"line":66,"column":36}},"46":{"start":{"line":67,"column":6},"end":{"line":69,"column":7}},"47":{"start":{"line":68,"column":8},"end":{"line":68,"column":39}},"48":{"start":{"line":70,"column":6},"end":{"line":72,"column":7}},"49":{"start":{"line":71,"column":8},"end":{"line":71,"column":51}},"50":{"start":{"line":74,"column":4},"end":{"line":74,"column":29}},"51":{"start":{"line":75,"column":4},"end":{"line":77,"column":6}},"52":{"start":{"line":76,"column":6},"end":{"line":76,"column":51}},"53":{"start":{"line":78,"column":4},"end":{"line":78,"column":18}},"54":{"start":{"line":81,"column":2},"end":{"line":84,"column":4}},"55":{"start":{"line":86,"column":2},"end":{"line":86,"column":50}},"56":{"start":{"line":88,"column":2},"end":{"line":90,"column":4}},"57":{"start":{"line":89,"column":4},"end":{"line":89,"column":35}}},"branchMap":{"1":{"line":20,"type":"if","locations":[{"start":{"line":20,"column":4},"end":{"line":20,"column":4}},{"start":{"line":20,"column":4},"end":{"line":20,"column":4}}]},"2":{"line":23,"type":"if","locations":[{"start":{"line":23,"column":4},"end":{"line":23,"column":4}},{"start":{"line":23,"column":4},"end":{"line":23,"column":4}}]},"3":{"line":26,"type":"if","locations":[{"start":{"line":26,"column":4},"end":{"line":26,"column":4}},{"start":{"line":26,"column":4},"end":{"line":26,"column":4}}]},"4":{"line":34,"type":"cond-expr","locations":[{"start":{"line":34,"column":35},"end":{"line":34,"column":59}},{"start":{"line":34,"column":62},"end":{"line":34,"column":64}}]},"5":{"line":35,"type":"if","locations":[{"start":{"line":35,"column":4},"end":{"line":35,"column":4}},{"start":{"line":35,"column":4},"end":{"line":35,"column":4}}]},"6":{"line":35,"type":"binary-expr","locations":[{"start":{"line":35,"column":8},"end":{"line":35,"column":25}},{"start":{"line":35,"column":29},"end":{"line":35,"column":51}}]},"7":{"line":38,"type":"if","locations":[{"start":{"line":38,"column":11},"end":{"line":38,"column":11}},{"start":{"line":38,"column":11},"end":{"line":38,"column":11}}]},"8":{"line":38,"type":"binary-expr","locations":[{"start":{"line":38,"column":15},"end":{"line":38,"column":32}},{"start":{"line":38,"column":37},"end":{"line":38,"column":54}},{"start":{"line":38,"column":59},"end":{"line":38,"column":74}}]},"9":{"line":40,"type":"if","locations":[{"start":{"line":40,"column":11},"end":{"line":40,"column":11}},{"start":{"line":40,"column":11},"end":{"line":40,"column":11}}]},"10":{"line":40,"type":"binary-expr","locations":[{"start":{"line":40,"column":15},"end":{"line":40,"column":31}},{"start":{"line":40,"column":36},"end":{"line":40,"column":60}},{"start":{"line":40,"column":65},"end":{"line":40,"column":80}}]},"11":{"line":43,"type":"if","locations":[{"start":{"line":43,"column":11},"end":{"line":43,"column":11}},{"start":{"line":43,"column":11},"end":{"line":43,"column":11}}]},"12":{"line":46,"type":"binary-expr","locations":[{"start":{"line":46,"column":4},"end":{"line":46,"column":11}},{"start":{"line":46,"column":16},"end":{"line":46,"column":28}}]},"13":{"line":47,"type":"if","locations":[{"start":{"line":47,"column":4},"end":{"line":47,"column":4}},{"start":{"line":47,"column":4},"end":{"line":47,"column":4}}]},"14":{"line":50,"type":"if","locations":[{"start":{"line":50,"column":4},"end":{"line":50,"column":4}},{"start":{"line":50,"column":4},"end":{"line":50,"column":4}}]},"15":{"line":58,"type":"binary-expr","locations":[{"start":{"line":58,"column":13},"end":{"line":58,"column":23}},{"start":{"line":58,"column":28},"end":{"line":58,"column":102}}]},"16":{"line":63,"type":"cond-expr","locations":[{"start":{"line":63,"column":43},"end":{"line":63,"column":57}},{"start":{"line":63,"column":60},"end":{"line":63,"column":66}}]},"17":{"line":67,"type":"if","locations":[{"start":{"line":67,"column":6},"end":{"line":67,"column":6}},{"start":{"line":67,"column":6},"end":{"line":67,"column":6}}]},"18":{"line":70,"type":"if","locations":[{"start":{"line":70,"column":6},"end":{"line":70,"column":6}},{"start":{"line":70,"column":6},"end":{"line":70,"column":6}}]}},"code":["(function() {","  var Browsers, Prefixes, browserslist, cache, isPlainObject, postcss, timeCapsule,","    slice = [].slice;","","  browserslist = require('browserslist');","","  postcss = require('postcss');","","  Browsers = require('./browsers');","","  Prefixes = require('./prefixes');","","  isPlainObject = function(obj) {","    return Object.prototype.toString.apply(obj) === '[object Object]';","  };","","  cache = {};","","  timeCapsule = function(result, prefixes) {","    if (prefixes.browsers.selected.length === 0) {","      return;","    }","    if (prefixes.add.selectors.length > 0) {","      return;","    }","    if (Object.keys(prefixes.add).length > 2) {","      return;","    }","    return result.warn('Greetings, time traveller. ' + 'We are in the golden age of prefix-less CSS, ' + 'where Autoprefixer is no longer needed for your stylesheet.');","  };","","  module.exports = postcss.plugin('autoprefixer', function() {","    var loadPrefixes, options, plugin, reqs;","    reqs = 1 <= arguments.length ? slice.call(arguments, 0) : [];","    if (reqs.length === 1 && isPlainObject(reqs[0])) {","      options = reqs[0];","      reqs = void 0;","    } else if (reqs.length === 0 || (reqs.length === 1 && (reqs[0] == null))) {","      reqs = void 0;","    } else if (reqs.length <= 2 && (reqs[0] instanceof Array || (reqs[0] == null))) {","      options = reqs[1];","      reqs = reqs[0];","    } else if (typeof reqs[reqs.length - 1] === 'object') {","      options = reqs.pop();","    }","    options || (options = {});","    if (options.browser) {","      throw new Error('Change `browser` option to `browsers` in Autoprefixer');","    }","    if (options.browsers != null) {","      reqs = options.browsers;","    }","    loadPrefixes = function(opts) {","      var browsers, key, stats;","      stats = options.stats;","      browsers = new Browsers(module.exports.data.browsers, reqs, opts, stats);","      key = browsers.selected.join(', ') + JSON.stringify(options);","      return cache[key] || (cache[key] = new Prefixes(module.exports.data.prefixes, browsers, options));","    };","    plugin = function(css, result) {","      var prefixes, ref;","      prefixes = loadPrefixes({","        from: (ref = css.source) != null ? ref.input.file : void 0,","        env: options.env","      });","      timeCapsule(result, prefixes);","      if (options.remove !== false) {","        prefixes.processor.remove(css);","      }","      if (options.add !== false) {","        return prefixes.processor.add(css, result);","      }","    };","    plugin.options = options;","    plugin.info = function(opts) {","      return require('./info')(loadPrefixes(opts));","    };","    return plugin;","  });","","  module.exports.data = {","    browsers: require('caniuse-db/data.json').agents,","    prefixes: require('../data/prefixes')","  };","","  module.exports.defaults = browserslist.defaults;","","  module.exports.info = function() {","    return module.exports().info();","  };","","}).call(this);",""],"l":{"1":1,"2":1,"5":1,"7":1,"9":1,"11":1,"13":1,"14":0,"17":1,"19":1,"20":0,"21":0,"23":0,"24":0,"26":0,"27":0,"29":0,"32":1,"33":0,"34":0,"35":0,"36":0,"37":0,"38":0,"39":0,"40":0,"41":0,"42":0,"43":0,"44":0,"46":0,"47":0,"48":0,"50":0,"51":0,"53":0,"54":0,"55":0,"56":0,"57":0,"58":0,"60":0,"61":0,"62":0,"66":0,"67":0,"68":0,"70":0,"71":0,"74":0,"75":0,"76":0,"78":0,"81":1,"86":1,"88":1,"89":0}},"/home/travis/build/npmtest/node-npmtest-autoprefixer/node_modules/autoprefixer/lib/browsers.js":{"path":"/home/travis/build/npmtest/node-npmtest-autoprefixer/node_modules/autoprefixer/lib/browsers.js","s":{"1":1,"2":1,"3":1,"4":1,"5":1,"6":1,"7":0,"8":0,"9":0,"10":0,"11":0,"12":0,"13":0,"14":0,"15":0,"16":0,"17":0,"18":0,"19":1,"20":0,"21":0,"22":0,"23":1,"24":0,"25":0,"26":0,"27":0,"28":1,"29":0,"30":0,"31":1,"32":0,"33":0,"34":0,"35":0,"36":0,"37":0,"38":0,"39":0,"40":0,"41":1,"42":0,"43":0,"44":0,"45":0,"46":0,"47":0,"48":0,"49":1,"50":0,"51":1,"52":1},"b":{"1":[0,0],"2":[0,0],"3":[0,0],"4":[0,0],"5":[0,0],"6":[0,0]},"f":{"1":1,"2":1,"3":0,"4":0,"5":0,"6":0,"7":0,"8":0,"9":0,"10":0,"11":0,"12":0},"fnMap":{"1":{"name":"(anonymous_1)","line":1,"loc":{"start":{"line":1,"column":1},"end":{"line":1,"column":12}}},"2":{"name":"(anonymous_2)","line":8,"loc":{"start":{"line":8,"column":14},"end":{"line":8,"column":25}}},"3":{"name":"(anonymous_3)","line":9,"loc":{"start":{"line":9,"column":24},"end":{"line":9,"column":35}}},"4":{"name":"(anonymous_4)","line":15,"loc":{"start":{"line":15,"column":46},"end":{"line":15,"column":57}}},"5":{"name":"(anonymous_5)","line":23,"loc":{"start":{"line":23,"column":17},"end":{"line":23,"column":32}}},"6":{"name":"(anonymous_6)","line":28,"loc":{"start":{"line":28,"column":26},"end":{"line":28,"column":42}}},"7":{"name":"Browsers","line":35,"loc":{"start":{"line":35,"column":4},"end":{"line":35,"column":59}}},"8":{"name":"(anonymous_8)","line":42,"loc":{"start":{"line":42,"column":31},"end":{"line":42,"column":54}}},"9":{"name":"(anonymous_9)","line":51,"loc":{"start":{"line":51,"column":34},"end":{"line":51,"column":53}}},"10":{"name":"(anonymous_10)","line":57,"loc":{"start":{"line":57,"column":38},"end":{"line":57,"column":56}}},"11":{"name":"(anonymous_11)","line":65,"loc":{"start":{"line":65,"column":32},"end":{"line":65,"column":50}}},"12":{"name":"(anonymous_12)","line":76,"loc":{"start":{"line":76,"column":36},"end":{"line":76,"column":54}}}},"statementMap":{"1":{"start":{"line":1,"column":0},"end":{"line":86,"column":14}},"2":{"start":{"line":2,"column":2},"end":{"line":2,"column":36}},"3":{"start":{"line":4,"column":2},"end":{"line":4,"column":41}},"4":{"start":{"line":6,"column":2},"end":{"line":6,"column":29}},"5":{"start":{"line":8,"column":2},"end":{"line":82,"column":7}},"6":{"start":{"line":9,"column":4},"end":{"line":26,"column":6}},"7":{"start":{"line":10,"column":6},"end":{"line":10,"column":24}},"8":{"start":{"line":11,"column":6},"end":{"line":13,"column":7}},"9":{"start":{"line":12,"column":8},"end":{"line":12,"column":34}},"10":{"start":{"line":14,"column":6},"end":{"line":14,"column":52}},"11":{"start":{"line":15,"column":6},"end":{"line":25,"column":9}},"12":{"start":{"line":16,"column":8},"end":{"line":16,"column":20}},"13":{"start":{"line":17,"column":8},"end":{"line":17,"column":21}},"14":{"start":{"line":18,"column":8},"end":{"line":21,"column":9}},"15":{"start":{"line":19,"column":10},"end":{"line":19,"column":25}},"16":{"start":{"line":20,"column":10},"end":{"line":20,"column":45}},"17":{"start":{"line":22,"column":8},"end":{"line":22,"column":23}},"18":{"start":{"line":24,"column":8},"end":{"line":24,"column":35}},"19":{"start":{"line":28,"column":4},"end":{"line":33,"column":6}},"20":{"start":{"line":29,"column":6},"end":{"line":31,"column":7}},"21":{"start":{"line":30,"column":8},"end":{"line":30,"column":71}},"22":{"start":{"line":32,"column":6},"end":{"line":32,"column":45}},"23":{"start":{"line":35,"column":4},"end":{"line":40,"column":5}},"24":{"start":{"line":36,"column":6},"end":{"line":36,"column":24}},"25":{"start":{"line":37,"column":6},"end":{"line":37,"column":29}},"26":{"start":{"line":38,"column":6},"end":{"line":38,"column":25}},"27":{"start":{"line":39,"column":6},"end":{"line":39,"column":47}},"28":{"start":{"line":42,"column":4},"end":{"line":49,"column":6}},"29":{"start":{"line":43,"column":6},"end":{"line":43,"column":20}},"30":{"start":{"line":44,"column":6},"end":{"line":48,"column":9}},"31":{"start":{"line":51,"column":4},"end":{"line":63,"column":6}},"32":{"start":{"line":52,"column":6},"end":{"line":52,"column":49}},"33":{"start":{"line":53,"column":6},"end":{"line":53,"column":20}},"34":{"start":{"line":54,"column":6},"end":{"line":54,"column":22}},"35":{"start":{"line":55,"column":6},"end":{"line":61,"column":7}},"36":{"start":{"line":56,"column":8},"end":{"line":56,"column":28}},"37":{"start":{"line":57,"column":8},"end":{"line":59,"column":11}},"38":{"start":{"line":58,"column":10},"end":{"line":58,"column":41}},"39":{"start":{"line":60,"column":8},"end":{"line":60,"column":45}},"40":{"start":{"line":62,"column":6},"end":{"line":62,"column":22}},"41":{"start":{"line":65,"column":4},"end":{"line":74,"column":6}},"42":{"start":{"line":66,"column":6},"end":{"line":66,"column":43}},"43":{"start":{"line":67,"column":6},"end":{"line":67,"column":64}},"44":{"start":{"line":68,"column":6},"end":{"line":68,"column":29}},"45":{"start":{"line":69,"column":6},"end":{"line":71,"column":7}},"46":{"start":{"line":70,"column":8},"end":{"line":70,"column":49}},"47":{"start":{"line":72,"column":6},"end":{"line":72,"column":39}},"48":{"start":{"line":73,"column":6},"end":{"line":73,"column":32}},"49":{"start":{"line":76,"column":4},"end":{"line":78,"column":6}},"50":{"start":{"line":77,"column":6},"end":{"line":77,"column":51}},"51":{"start":{"line":80,"column":4},"end":{"line":80,"column":20}},"52":{"start":{"line":84,"column":2},"end":{"line":84,"column":28}}},"branchMap":{"1":{"line":11,"type":"if","locations":[{"start":{"line":11,"column":6},"end":{"line":11,"column":6}},{"start":{"line":11,"column":6},"end":{"line":11,"column":6}}]},"2":{"line":29,"type":"if","locations":[{"start":{"line":29,"column":6},"end":{"line":29,"column":6}},{"start":{"line":29,"column":6},"end":{"line":29,"column":6}}]},"3":{"line":46,"type":"cond-expr","locations":[{"start":{"line":46,"column":45},"end":{"line":46,"column":53}},{"start":{"line":46,"column":56},"end":{"line":46,"column":62}}]},"4":{"line":47,"type":"cond-expr","locations":[{"start":{"line":47,"column":45},"end":{"line":47,"column":53}},{"start":{"line":47,"column":56},"end":{"line":47,"column":62}}]},"5":{"line":69,"type":"if","locations":[{"start":{"line":69,"column":6},"end":{"line":69,"column":6}},{"start":{"line":69,"column":6},"end":{"line":69,"column":6}}]},"6":{"line":72,"type":"binary-expr","locations":[{"start":{"line":72,"column":6},"end":{"line":72,"column":12}},{"start":{"line":72,"column":17},"end":{"line":72,"column":37}}]}},"code":["(function() {","  var Browsers, browserslist, utils;","","  browserslist = require('browserslist');","","  utils = require('./utils');","","  Browsers = (function() {","    Browsers.prefixes = function() {","      var data, i, name;","      if (this.prefixesCache) {","        return this.prefixesCache;","      }","      data = require('caniuse-db/data.json').agents;","      return this.prefixesCache = utils.uniq((function() {","        var results;","        results = [];","        for (name in data) {","          i = data[name];","          results.push(\"-\" + i.prefix + \"-\");","        }","        return results;","      })()).sort(function(a, b) {","        return b.length - a.length;","      });","    };","","    Browsers.withPrefix = function(value) {","      if (!this.prefixesRegexp) {","        this.prefixesRegexp = RegExp(\"\" + (this.prefixes().join('|')));","      }","      return this.prefixesRegexp.test(value);","    };","","    function Browsers(data1, requirements, options, stats) {","      this.data = data1;","      this.options = options;","      this.stats = stats;","      this.selected = this.parse(requirements);","    }","","    Browsers.prototype.parse = function(requirements) {","      var ref, ref1;","      return browserslist(requirements, {","        stats: this.stats,","        path: (ref = this.options) != null ? ref.from : void 0,","        env: (ref1 = this.options) != null ? ref1.env : void 0","      });","    };","","    Browsers.prototype.browsers = function(criteria) {","      var browser, data, ref, selected, versions;","      selected = [];","      ref = this.data;","      for (browser in ref) {","        data = ref[browser];","        versions = criteria(data).map(function(version) {","          return browser + \" \" + version;","        });","        selected = selected.concat(versions);","      }","      return selected;","    };","","    Browsers.prototype.prefix = function(browser) {","      var data, name, prefix, ref, version;","      ref = browser.split(' '), name = ref[0], version = ref[1];","      data = this.data[name];","      if (data.prefix_exceptions) {","        prefix = data.prefix_exceptions[version];","      }","      prefix || (prefix = data.prefix);","      return '-' + prefix + '-';","    };","","    Browsers.prototype.isSelected = function(browser) {","      return this.selected.indexOf(browser) !== -1;","    };","","    return Browsers;","","  })();","","  module.exports = Browsers;","","}).call(this);",""],"l":{"1":1,"2":1,"4":1,"6":1,"8":1,"9":1,"10":0,"11":0,"12":0,"14":0,"15":0,"16":0,"17":0,"18":0,"19":0,"20":0,"22":0,"24":0,"28":1,"29":0,"30":0,"32":0,"35":1,"36":0,"37":0,"38":0,"39":0,"42":1,"43":0,"44":0,"51":1,"52":0,"53":0,"54":0,"55":0,"56":0,"57":0,"58":0,"60":0,"62":0,"65":1,"66":0,"67":0,"68":0,"69":0,"70":0,"72":0,"73":0,"76":1,"77":0,"80":1,"84":1}},"/home/travis/build/npmtest/node-npmtest-autoprefixer/node_modules/autoprefixer/lib/utils.js":{"path":"/home/travis/build/npmtest/node-npmtest-autoprefixer/node_modules/autoprefixer/lib/utils.js","s":{"1":1,"2":1,"3":1,"4":1,"5":0,"6":0,"7":0,"8":0,"9":0,"10":0,"11":0,"12":0,"13":0,"14":0,"15":0,"16":0,"17":0,"18":0,"19":0,"20":0,"21":0,"22":0,"23":0,"24":0,"25":0,"26":0,"27":0,"28":0,"29":0,"30":0,"31":0,"32":0},"b":{"1":[0,0],"2":[0,0],"3":[0,0],"4":[0,0],"5":[0,0],"6":[0,0]},"f":{"1":1,"2":0,"3":0,"4":0,"5":0,"6":0,"7":0},"fnMap":{"1":{"name":"(anonymous_1)","line":1,"loc":{"start":{"line":1,"column":1},"end":{"line":1,"column":12}}},"2":{"name":"(anonymous_2)","line":7,"loc":{"start":{"line":7,"column":11},"end":{"line":7,"column":26}}},"3":{"name":"(anonymous_3)","line":13,"loc":{"start":{"line":13,"column":10},"end":{"line":13,"column":26}}},"4":{"name":"(anonymous_4)","line":24,"loc":{"start":{"line":24,"column":16},"end":{"line":24,"column":33}}},"5":{"name":"(anonymous_5)","line":31,"loc":{"start":{"line":31,"column":18},"end":{"line":31,"column":35}}},"6":{"name":"(anonymous_6)","line":34,"loc":{"start":{"line":34,"column":12},"end":{"line":34,"column":35}}},"7":{"name":"(anonymous_7)","line":43,"loc":{"start":{"line":43,"column":14},"end":{"line":43,"column":40}}}},"statementMap":{"1":{"start":{"line":1,"column":0},"end":{"line":57,"column":14}},"2":{"start":{"line":2,"column":2},"end":{"line":2,"column":11}},"3":{"start":{"line":4,"column":2},"end":{"line":4,"column":37}},"4":{"start":{"line":6,"column":2},"end":{"line":55,"column":4}},"5":{"start":{"line":8,"column":6},"end":{"line":8,"column":14}},"6":{"start":{"line":9,"column":6},"end":{"line":9,"column":28}},"7":{"start":{"line":10,"column":6},"end":{"line":10,"column":30}},"8":{"start":{"line":11,"column":6},"end":{"line":11,"column":16}},"9":{"start":{"line":14,"column":6},"end":{"line":14,"column":30}},"10":{"start":{"line":15,"column":6},"end":{"line":15,"column":20}},"11":{"start":{"line":16,"column":6},"end":{"line":21,"column":7}},"12":{"start":{"line":17,"column":8},"end":{"line":17,"column":21}},"13":{"start":{"line":18,"column":8},"end":{"line":20,"column":9}},"14":{"start":{"line":19,"column":10},"end":{"line":19,"column":27}},"15":{"start":{"line":22,"column":6},"end":{"line":22,"column":22}},"16":{"start":{"line":25,"column":6},"end":{"line":29,"column":7}},"17":{"start":{"line":26,"column":8},"end":{"line":26,"column":22}},"18":{"start":{"line":28,"column":8},"end":{"line":28,"column":36}},"19":{"start":{"line":32,"column":6},"end":{"line":32,"column":64}},"20":{"start":{"line":35,"column":6},"end":{"line":37,"column":7}},"21":{"start":{"line":36,"column":8},"end":{"line":36,"column":22}},"22":{"start":{"line":38,"column":6},"end":{"line":40,"column":7}},"23":{"start":{"line":39,"column":8},"end":{"line":39,"column":39}},"24":{"start":{"line":41,"column":6},"end":{"line":41,"column":66}},"25":{"start":{"line":44,"column":6},"end":{"line":44,"column":32}},"26":{"start":{"line":45,"column":6},"end":{"line":45,"column":33}},"27":{"start":{"line":46,"column":6},"end":{"line":46,"column":37}},"28":{"start":{"line":47,"column":6},"end":{"line":53,"column":7}},"29":{"start":{"line":48,"column":8},"end":{"line":48,"column":21}},"30":{"start":{"line":50,"column":8},"end":{"line":50,"column":35}},"31":{"start":{"line":51,"column":8},"end":{"line":51,"column":37}},"32":{"start":{"line":52,"column":8},"end":{"line":52,"column":34}}},"branchMap":{"1":{"line":18,"type":"if","locations":[{"start":{"line":18,"column":8},"end":{"line":18,"column":8}},{"start":{"line":18,"column":8},"end":{"line":18,"column":8}}]},"2":{"line":25,"type":"if","locations":[{"start":{"line":25,"column":6},"end":{"line":25,"column":6}},{"start":{"line":25,"column":6},"end":{"line":25,"column":6}}]},"3":{"line":35,"type":"if","locations":[{"start":{"line":35,"column":6},"end":{"line":35,"column":6}},{"start":{"line":35,"column":6},"end":{"line":35,"column":6}}]},"4":{"line":38,"type":"if","locations":[{"start":{"line":38,"column":6},"end":{"line":38,"column":6}},{"start":{"line":38,"column":6},"end":{"line":38,"column":6}}]},"5":{"line":47,"type":"if","locations":[{"start":{"line":47,"column":6},"end":{"line":47,"column":6}},{"start":{"line":47,"column":6},"end":{"line":47,"column":6}}]},"6":{"line":51,"type":"cond-expr","locations":[{"start":{"line":51,"column":22},"end":{"line":51,"column":29}},{"start":{"line":51,"column":32},"end":{"line":51,"column":36}}]}},"code":["(function() {","  var list;","","  list = require('postcss/lib/list');","","  module.exports = {","    error: function(text) {","      var err;","      err = new Error(text);","      err.autoprefixer = true;","      throw err;","    },","    uniq: function(array) {","      var filtered, i, j, len;","      filtered = [];","      for (j = 0, len = array.length; j < len; j++) {","        i = array[j];","        if (filtered.indexOf(i) === -1) {","          filtered.push(i);","        }","      }","      return filtered;","    },","    removeNote: function(string) {","      if (string.indexOf(' ') === -1) {","        return string;","      } else {","        return string.split(' ')[0];","      }","    },","    escapeRegexp: function(string) {","      return string.replace(/[.?*+\\^\\$\\[\\]\\\\(){}|\\-]/g, '\\\\$&');","    },","    regexp: function(word, escape) {","      if (escape == null) {","        escape = true;","      }","      if (escape) {","        word = this.escapeRegexp(word);","      }","      return RegExp(\"(^|[\\\\s,(])(\" + word + \"($|[\\\\s(,]))\", \"gi\");","    },","    editList: function(value, callback) {","      var changed, join, origin;","      origin = list.comma(value);","      changed = callback(origin, []);","      if (origin === changed) {","        return value;","      } else {","        join = value.match(/,\\s*/);","        join = join ? join[0] : ', ';","        return changed.join(join);","      }","    }","  };","","}).call(this);",""],"l":{"1":1,"2":1,"4":1,"6":1,"8":0,"9":0,"10":0,"11":0,"14":0,"15":0,"16":0,"17":0,"18":0,"19":0,"22":0,"25":0,"26":0,"28":0,"32":0,"35":0,"36":0,"38":0,"39":0,"41":0,"44":0,"45":0,"46":0,"47":0,"48":0,"50":0,"51":0,"52":0}},"/home/travis/build/npmtest/node-npmtest-autoprefixer/node_modules/autoprefixer/lib/prefixes.js":{"path":"/home/travis/build/npmtest/node-npmtest-autoprefixer/node_modules/autoprefixer/lib/prefixes.js","s":{"1":1,"2":1,"3":1,"4":1,"5":1,"6":1,"7":1,"8":1,"9":1,"10":1,"11":1,"12":1,"13":1,"14":1,"15":1,"16":1,"17":1,"18":1,"19":1,"20":1,"21":1,"22":1,"23":1,"24":1,"25":1,"26":1,"27":1,"28":1,"29":1,"30":1,"31":1,"32":1,"33":1,"34":1,"35":1,"36":1,"37":1,"38":1,"39":1,"40":1,"41":1,"42":1,"43":1,"44":1,"45":1,"46":1,"47":1,"48":1,"49":1,"50":1,"51":1,"52":1,"53":1,"54":1,"55":1,"56":1,"57":0,"58":0,"59":0,"60":0,"61":0,"62":0,"63":0,"64":1,"65":0,"66":0,"67":0,"68":0,"69":0,"70":0,"71":0,"72":1,"73":0,"74":0,"75":0,"76":0,"77":0,"78":0,"79":0,"80":0,"81":0,"82":0,"83":0,"84":0,"85":0,"86":0,"87":0,"88":0,"89":0,"90":0,"91":0,"92":0,"93":0,"94":0,"95":0,"96":0,"97":0,"98":0,"99":0,"100":0,"101":0,"102":0,"103":0,"104":0,"105":0,"106":0,"107":0,"108":0,"109":0,"110":0,"111":0,"112":0,"113":1,"114":0,"115":0,"116":0,"117":0,"118":0,"119":0,"120":0,"121":1,"122":0,"123":0,"124":0,"125":0,"126":0,"127":0,"128":0,"129":0,"130":0,"131":0,"132":0,"133":0,"134":0,"135":0,"136":0,"137":0,"138":0,"139":0,"140":0,"141":0,"142":0,"143":0,"144":0,"145":0,"146":0,"147":0,"148":0,"149":0,"150":0,"151":0,"152":0,"153":0,"154":0,"155":0,"156":0,"157":0,"158":0,"159":0,"160":0,"161":0,"162":0,"163":0,"164":0,"165":0,"166":0,"167":0,"168":0,"169":0,"170":0,"171":0,"172":0,"173":0,"174":0,"175":0,"176":0,"177":0,"178":0,"179":0,"180":0,"181":0,"182":0,"183":0,"184":0,"185":0,"186":0,"187":0,"188":0,"189":0,"190":0,"191":1,"192":0,"193":0,"194":0,"195":0,"196":0,"197":1,"198":0,"199":0,"200":0,"201":0,"202":0,"203":1,"204":0,"205":1,"206":0,"207":0,"208":1,"209":0,"210":0,"211":0,"212":0,"213":0,"214":0,"215":0,"216":1,"217":0,"218":0,"219":0,"220":0,"221":0,"222":0,"223":0,"224":0,"225":0,"226":0,"227":0,"228":0,"229
[...]
db/features-json/css-crisp-edges.json');","","  feature(crispedges, {","    match: /y x|a x #1/","  }, function(browsers) {","    return prefix('pixelated', {","      props: ['image-rendering'],","      browsers: browsers,","      feature: 'css-crisp-edges'","    });","  });","","  feature(crispedges, {","    match: /a x #2/","  }, function(browsers) {","    return prefix('image-rendering', {","      browsers: browsers,","      feature: 'css-crisp-edges'","    });","  });","","  logicalProps = require('caniuse-db/features-json/css-logical-props.json');","","  feature(logicalProps, function(browsers) {","    return prefix('border-inline-start', 'border-inline-end', 'margin-inline-start', 'margin-inline-end', 'padding-inline-start', 'padding-inline-end', {","      browsers: browsers,","      feature: 'css-logical-props'","    });","  });","","  feature(logicalProps, {","    match: /x\\s#2/","  }, function(browsers) {","    return prefix('border-block-start', 'border-block-end', 'margin-block-start', 'margin-block-end', 'padding-block-start', 'padding-block-end', {","      browsers: browsers,","      feature: 'css-logical-props'","    });","  });","","  feature(require('caniuse-db/features-json/css-appearance.json'), function(browsers) {","    return prefix('appearance', {","      browsers: browsers,","      feature: 'css-appearance'","    });","  });","","  feature(require('caniuse-db/features-json/css-snappoints.json'), function(browsers) {","    return prefix('scroll-snap-type', 'scroll-snap-coordinate', 'scroll-snap-destination', 'scroll-snap-points-x', 'scroll-snap-points-y', {","      browsers: browsers,","      feature: 'css-snappoints'","    });","  });","","  feature(require('caniuse-db/features-json/css-regions.json'), function(browsers) {","    return prefix('flow-into', 'flow-from', 'region-fragment', {","      browsers: browsers,","      feature: 'css-regions'","    });","  });","","  feature(require('caniuse-db/features-json/css-image-set.json'), function(browsers) {","    return prefix('image-set', {","      props: ['background', 'background-image', 'border-image', 'mask', 'list-style', 'list-style-image', 'content', 'mask-image'],","      browsers: browsers,","      feature: 'css-image-set'","    });","  });","","  writingMode = require('caniuse-db/features-json/css-writing-mode.json');","","  feature(writingMode, {","    match: /a|x/","  }, function(browsers) {","    return prefix('writing-mode', {","      browsers: browsers,","      feature: 'css-writing-mode'","    });","  });","","  feature(require('caniuse-db/features-json/css-cross-fade.json'), function(browsers) {","    return prefix('cross-fade', {","      props: ['background', 'background-image', 'border-image', 'mask', 'list-style', 'list-style-image', 'content', 'mask-image'],","      browsers: browsers,","      feature: 'css-cross-fade'","    });","  });","","  readOnly = require('caniuse-db/features-json/css-read-only-write.json');","","  feature(readOnly, function(browsers) {","    return prefix(':read-only', ':read-write', {","      selector: true,","      browsers: browsers,","      feature: 'css-read-only-write'","    });","  });","","  feature(require('caniuse-db/features-json/text-emphasis.json'), function(browsers) {","    return prefix('text-emphasis', 'text-emphasis-position', 'text-emphasis-style', 'text-emphasis-color', {","      browsers: browsers,","      feature: 'text-emphasis'","    });","  });","","  grid = require('caniuse-db/features-json/css-grid.json');","","  feature(grid, function(browsers) {","    prefix('display-grid', 'inline-grid', {","      props: ['display'],","      browsers: browsers,","      feature: 'css-grid'","    });","    return prefix('grid-template-columns', 'grid-template-rows', 'grid-row-start', 'grid-column-start', 'grid-row-end', 'grid-column-end', 'grid-row', 'grid-column', {","      browsers: browsers,","      feature: 'css-grid'","    });","  });","","  feature(grid, {","    match: /a x/","  }, function(browsers) {","    return prefix('justify-items', 'grid-row-align', {","      browsers: browsers,","      feature: 'css-grid'","    });","  });","","  textSpacing = require('caniuse-db/features-json/css-text-spacing.json');","","  feature(textSpacing, function(browsers) {","    return prefix('text-spacing', {","      browsers: browsers,","      feature: 'css-text-spacing'","    });","  });","","  feature(require('caniuse-db/features-json/css-any-link.json'), function(browsers) {","    return prefix(':any-link', {","      selector: true,","      browsers: browsers,","      feature: 'css-any-link'","    });","  });","","}).call(this);",""],"l":{"1":1,"2":1,"5":1,"6":80,"7":30319,"8":30319,"9":30319,"10":30319,"11":6461,"12":23858,"13":4950,"15":18908,"16":18908,"17":11170,"18":7738,"19":7653,"21":85,"27":1,"28":62,"29":62,"30":49,"32":62,"33":62,"34":62,"35":62,"36":1054,"37":1054,"38":13826,"39":13826,"40":3957,"44":62,"47":1,"49":1,"50":66,"51":66,"52":66,"53":66,"54":167,"55":167,"56":167,"57":167,"58":167,"59":167,"60":394,"62":167,"65":66,"68":1,"69":4,"70":4,"71":4,"72":4,"73":18,"74":18,"76":4,"79":1,"81":1,"82":1,"89":1,"90":1,"97":1,"98":1,"105":1,"106":1,"113":1,"114":1,"120":1,"122":1,"123":1,"127":1,"134":1,"137":1,"144":1,"146":1,"149":1,"157":1,"160":1,"161":20,"162":4,"164":16,"167":1,"173":1,"174":1,"180":1,"181":1,"187":1,"189":1,"190":1,"197":1,"199":1,"200":1,"206":1,"208":1,"209":1,"216":1,"217":1,"221":1,"227":1,"229":1,"230":1,"237":1,"239":1,"242":1,"243":61,"244":24,"246":37,"249":1,"254":1,"258":1,"264":1,"267":1,"271":1,"275":1,"281":1,"282":1,"289":1,"291":1,"292":1,"298":1,"299":1,"305":1,"306":1,"312":1,"313":1,"319":1,"320":1,"327":1,"328":1,"329":172,"330":172,"331":172,"332":15,"334":157,"337":1,"344":1,"345":1,"351":1,"353":1,"354":1,"361":1,"364":1,"371":1,"372":1,"378":1,"379":1,"386":1,"388":1,"389":1,"396":1,"398":1,"399":1,"406":1,"407":1,"414":1,"415":1,"421":1,"423":1,"424":1,"430":1,"433":1,"439":1,"441":1,"442":1,"448":1,"449":1,"453":1,"459":1,"460":1,"466":1,"468":1,"469":1,"475":1,"476":1,"482":1,"483":1,"489":1,"490":1,"496":1,"498":1,"499":1,"505":1,"507":1,"510":1,"516":1,"518":1,"519":1,"525":1,"527":1,"530":1,"537":1,"540":1,"546":1,"548":1,"549":1,"555":1,"558":1,"564":1,"565":1,"571":1,"572":1,"578":1,"579":1,"585":1,"586":1,"593":1,"595":1,"598":1,"604":1,"605":1,"612":1,"614":1,"615":1,"622":1,"623":1,"629":1,"631":1,"632":1,"637":1,"643":1,"646":1,"652":1,"654":1,"655":1,"661":1,"662":1}},"/home/travis/build/npmtest/node-npmtest-autoprefixer/node_modules/autoprefixer/lib/info.js":{"path":"/home/travis/build/npmtest/node-npmtest-autoprefixer/node_modules/autoprefixer/lib/info.js","s":{"1":1,"2":1,"3":1,"4":1,"5":0,"6":1,"7":1,"8":0,"9":0,"10":0,"11":0,"12":0,"13":0,"14":1,"15":0,"16":0,"17":0,"18":0,"19":0,"20":0,"21":0,"22":0,"23":0,"24":0,"25":0,"26":0,"27":0,"28":0,"29":0,"30":0,"31":0,"32":0,"33":0,"34":0,"35":0,"36":0,"37":0,"38":0,"39":0,"40":0,"41":0,"42":0,"43":0,"44":0,"45":0,"46":0,"47":0,"48":0,"49":0,"50":0,"51":0,"52":0,"53":0,"54":0,"55":0,"56":0,"57":0,"58":0,"59":0,"60":0,"61":0,"62":0,"63":0,"64":0,"65":0,"66":0,"67":0,"68":0,"69":0,"70":0,"71":0,"72":0,"73":0},"b":{"1":[0,0],"2":[0,0],"3":[0,0],"4":[0,0],"5":[0,0],"6":[0,0],"7":[0,0],"8":[0,0],"9":[0,0],"10":[0,0],"11":[0,0],"12":[0,0],"13":[0,0],"14":[0,0],"15":[0,0],"16":[0,0,0,0]},"f":{"1":1,"2":0,"3":0,"4":0,"5":0,"6":0},"fnMap":{"1":{"name":"(anonymous_1)","line":1,"loc":{"start":{"line":1,"column":1},"end":{"line":1,"column":12}}},"2":{"name":"(anonymous_2)","line":6,"loc":{"start":{"line":6,"column":15},"end":{"line":6,"column":29}}},"3":{"name":"(anonymous_3)","line":21,"loc":{"start":{"line":21,"column":11},"end":{"line":21,"column":36}}},"4":{"name":"(anonymous_4)","line":24,"loc":{"start":{"line":24,"column":24},"end":{"line":24,"column":36}}},"5":{"name":"(anonymous_5)","line":31,"loc":{"start":{"line":31,"column":19},"end":{"line":31,"column":38}}},"6":{"name":"(anonymous_6)","line":51,"loc":{"start":{"line":51,"column":23},"end":{"line":51,"column":38}}}},"statementMap":{"1":{"start":{"line":1,"column":0},"end":{"line":113,"column":14}},"2":{"start":{"line":2,"column":2},"end":{"line":2,"column":46}},"3":{"start":{"line":4,"column":2},"end":{"line":4,"column":41}},"4":{"start":{"line":6,"column":2},"end":{"line":8,"column":4}},"5":{"start":{"line":7,"column":4},"end":{"line":7,"column":56}},"6":{"start":{"line":10,"column":2},"end":{"line":19,"column":4}},"7":{"start":{"line":21,"column":2},"end":{"line":29,"column":4}},"8":{"start":{"line":22,"column":4},"end":{"line":22,"column":12}},"9":{"start":{"line":23,"column":4},"end":{"line":23,"column":29}},"10":{"start":{"line":24,"column":4},"end":{"line":26,"column":18}},"11":{"start":{"line":25,"column":6},"end":{"line":25,"column":42}},"12":{"start":{"line":27,"column":4},"end":{"line":27,"column":16}},"13":{"start":{"line":28,"column":4},"end":{"line":28,"column":15}},"14":{"start":{"line":31,"column":2},"end":{"line":111,"column":4}},"15":{"start":{"line":32,"column":4},"end":{"line":32,"column":196}},"16":{"start":{"line":33,"column":4},"end":{"line":35,"column":5}},"17":{"start":{"line":34,"column":6},"end":{"line":34,"column":36}},"18":{"start":{"line":36,"column":4},"end":{"line":36,"column":18}},"19":{"start":{"line":37,"column":4},"end":{"line":37,"column":37}},"20":{"start":{"line":38,"column":4},"end":{"line":47,"column":5}},"21":{"start":{"line":39,"column":6},"end":{"line":39,"column":23}},"22":{"start":{"line":40,"column":6},"end":{"line":40,"column":67}},"23":{"start":{"line":41,"column":6},"end":{"line":41,"column":45}},"24":{"start":{"line":42,"column":6},"end":{"line":46,"column":7}},"25":{"start":{"line":43,"column":8},"end":{"line":43,"column":37}},"26":{"start":{"line":45,"column":8},"end":{"line":45,"column":35}},"27":{"start":{"line":48,"column":4},"end":{"line":48,"column":24}},"28":{"start":{"line":49,"column":4},"end":{"line":55,"column":5}},"29":{"start":{"line":50,"column":6},"end":{"line":50,"column":31}},"30":{"start":{"line":51,"column":6},"end":{"line":53,"column":9}},"31":{"start":{"line":52,"column":8},"end":{"line":52,"column":45}},"32":{"start":{"line":54,"column":6},"end":{"line":54,"column":60}},"33":{"start":{"line":56,"column":4},"end":{"line":56,"column":65}},"34":{"start":{"line":57,"column":4},"end":{"line":57,"column":47}},"35":{"start":{"line":58,"column":4},"end":{"line":58,"column":81}},"36":{"start":{"line":59,"column":4},"end":{"line":59,"column":17}},"37":{"start":{"line":60,"column":4},"end":{"line":60,"column":24}},"38":{"start":{"line":61,"column":4},"end":{"line":66,"column":5}},"39":{"start":{"line":62,"column":6},"end":{"line":62,"column":24}},"40":{"start":{"line":63,"column":6},"end":{"line":65,"column":7}},"41":{"start":{"line":64,"column":8},"end":{"line":64,"column":47}},"42":{"start":{"line":67,"column":4},"end":{"line":69,"column":5}},"43":{"start":{"line":68,"column":6},"end":{"line":68,"column":39}},"44":{"start":{"line":70,"column":4},"end":{"line":70,"column":19}},"45":{"start":{"line":71,"column":4},"end":{"line":71,"column":34}},"46":{"start":{"line":72,"column":4},"end":{"line":77,"column":5}},"47":{"start":{"line":73,"column":6},"end":{"line":73,"column":25}},"48":{"start":{"line":74,"column":6},"end":{"line":76,"column":7}},"49":{"start":{"line":75,"column":8},"end":{"line":75,"column":62}},"50":{"start":{"line":78,"column":4},"end":{"line":80,"column":5}},"51":{"start":{"line":79,"column":6},"end":{"line":79,"column":42}},"52":{"start":{"line":81,"column":4},"end":{"line":81,"column":16}},"53":{"start":{"line":82,"column":4},"end":{"line":82,"column":15}},"54":{"start":{"line":83,"column":4},"end":{"line":83,"column":24}},"55":{"start":{"line":84,"column":4},"end":{"line":100,"column":5}},"56":{"start":{"line":85,"column":6},"end":{"line":85,"column":24}},"57":{"start":{"line":86,"column":6},"end":{"line":88,"column":7}},"58":{"start":{"line":87,"column":8},"end":{"line":87,"column":45}},"59":{"start":{"line":89,"column":6},"end":{"line":91,"column":7}},"60":{"start":{"line":90,"column":8},"end":{"line":90,"column":17}},"61":{"start":{"line":92,"column":6},"end":{"line":92,"column":25}},"62":{"start":{"line":93,"column":6},"end":{"line":99,"column":7}},"63":{"start":{"line":94,"column":8},"end":{"line":94,"column":24}},"64":{"start":{"line":95,"column":8},"end":{"line":95,"column":52}},"65":{"start":{"line":96,"column":8},"end":{"line":98,"column":9}},"66":{"start":{"line":97,"column":10},"end":{"line":97,"column":27}},"67":{"start":{"line":101,"column":4},"end":{"line":103,"column":5}},"68":{"start":{"line":102,"column":6},"end":{"line":102,"column":39}},"69":{"start":{"line":104,"column":4},"end":{"line":106,"column":5}},"70":{"start":{"line":105,"column":6},"end":{"line":105,"column":36}},"71":{"start":{"line":107,"column":4},"end":{"line":109,"column":5}},"72":{"start":{"line":108,"column":6},"end":{"line":108,"column":132}},"73":{"start":{"line":110,"column":4},"end":{"line":110,"column":15}}},"branchMap":{"1":{"line":33,"type":"if","locations":[{"start":{"line":33,"column":4},"end":{"line":33,"column":4}},{"start":{"line":33,"column":4},"end":{"line":33,"column":4}}]},"2":{"line":41,"type":"binary-expr","locations":[{"start":{"line":41,"column":13},"end":{"line":41,"column":24}},{"start":{"line":41,"column":28},"end":{"line":41,"column":44}}]},"3":{"line":42,"type":"if","locations":[{"start":{"line":42,"column":6},"end":{"line":42,"column":6}},{"start":{"line":42,"column":6},"end":{"line":42,"column":6}}]},"4":{"line":63,"type":"if","locations":[{"start":{"line":63,"column":6},"end":{"line":63,"column":6}},{"start":{"line":63,"column":6},"end":{"line":63,"column":6}}]},"5":{"line":63,"type":"binary-expr","locations":[{"start":{"line":63,"column":10},"end":{"line":63,"column":25}},{"start":{"line":63,"column":29},"end":{"line":63,"column":42}}]},"6":{"line":67,"type":"if","locations":[{"start":{"line":67,"column":4},"end":{"line":67,"column":4}},{"start":{"line":67,"column":4},"end":{"line":67,"column":4}}]},"7":{"line":74,"type":"if","locations":[{"start":{"line":74,"column":6},"end":{"line":74,"column":6}},{"start":{"line":74,"column":6},"end":{"line":74,"column":6}}]},"8":{"line":78,"type":"if","locations":[{"start":{"line":78,"column":4},"end":{"line":78,"column":4}},{"start":{"line":78,"column":4},"end":{"line":78,"column":4}}]},"9":{"line":86,"type":"if","locations":[{"start":{"line":86,"column":6},"end":{"line":86,"column":6}},{"start":{"line":86,"column":6},"end":{"line":86,"column":6}}]},"10":{"line":86,"type":"binary-expr","locations":[{"start":{"line":86,"column":10},"end":{"line":86,"column":25}},{"start":{"line":86,"column":29},"end":{"line":86,"column":42}}]},"11":{"line":89,"type":"if","locations":[{"start":{"line":89,"column":6},"end":{"line":89,"column":6}},{"start":{"line":89,"column":6},"end":{"line":89,"column":6}}]},"12":{"line":96,"type":"if","locations":[{"start":{"line":96,"column":8},"end":{"line":96,"column":8}},{"start":{"line":96,"column":8},"end":{"line":96,"column":8}}]},"13":{"line":101,"type":"if","locations":[{"start":{"line":101,"column":4},"end":{"line":101,"column":4}},{"start":{"line":101,"column":4},"end":{"line":101,"column":4}}]},"14":{"line":104,"type":"if","locations":[{"start":{"line":104,"column":4},"end":{"line":104,"column":4}},{"start":{"line":104,"column":4},"end":{"line":104,"column":4}}]},"15":{"line":107,"type":"if","locations":[{"start":{"line":107,"column":4},"end":{"line":107,"column":4}},{"start":{"line":107,"column":4},"end":{"line":107,"column":4}}]},"16":{"line":107,"type":"binary-expr","locations":[{"start":{"line":107,"column":8},"end":{"line":107,"column":22}},{"start":{"line":107,"column":26},"end":{"line":107,"column":42}},{"start":{"line":107,"column":46},"end":{"line":107,"column":58}},{"start":{"line":107,"column":62},"end":{"line":107,"column":75}}]}},"code":["(function() {","  var browserslist, capitalize, names, prefix;","","  browserslist = require('browserslist');","","  capitalize = function(str) {","    return str.slice(0, 1).toUpperCase() + str.slice(1);","  };","","  names = {","    ie: 'IE',","    ie_mob: 'IE Mobile',","    ios_saf: 'iOS',","    op_mini: 'Opera Mini',","    op_mob: 'Opera Mobile',","    and_chr: 'Chrome for Android',","    and_ff: 'Firefox for Android',","    and_uc: 'UC for Android'","  };","","  prefix = function(name, prefixes) {","    var out;","    out = '  ' + name + ': ';","    out += prefixes.map(function(i) {","      return i.replace(/^-(.*)-$/g, '$1');","    }).join(', ');","    out += \"\\n\";","    return out;","  };","","  module.exports = function(prefixes) {","    var atrules, browser, coverage, data, j, k, l, len, len1, len2, list, name, out, props, ref, ref1, ref2, ref3, ref4, ref5, round, selector, selectors, string, value, values, version, versions;","    if (prefixes.browsers.selected.length === 0) {","      return \"No browsers selected\";","    }","    versions = [];","    ref = prefixes.browsers.selected;","    for (j = 0, len = ref.length; j < len; j++) {","      browser = ref[j];","      ref1 = browser.split(' '), name = ref1[0], version = ref1[1];","      name = names[name] || capitalize(name);","      if (versions[name]) {","        versions[name].push(version);","      } else {","        versions[name] = [version];","      }","    }","    out = \"Browsers:\\n\";","    for (browser in versions) {","      list = versions[browser];","      list = list.sort(function(a, b) {","        return parseFloat(b) - parseFloat(a);","      });","      out += '  ' + browser + ': ' + list.join(', ') + \"\\n\";","    }","    coverage = browserslist.coverage(prefixes.browsers.selected);","    round = Math.round(coverage * 100) / 100.0;","    out += \"\\nThese browsers account for \" + round + \"% of all users globally\\n\";","    atrules = '';","    ref2 = prefixes.add;","    for (name in ref2) {","      data = ref2[name];","      if (name[0] === '@' && data.prefixes) {","        atrules += prefix(name, data.prefixes);","      }","    }","    if (atrules !== '') {","      out += \"\\nAt-Rules:\\n\" + atrules;","    }","    selectors = '';","    ref3 = prefixes.add.selectors;","    for (k = 0, len1 = ref3.length; k < len1; k++) {","      selector = ref3[k];","      if (selector.prefixes) {","        selectors += prefix(selector.name, selector.prefixes);","      }","    }","    if (selectors !== '') {","      out += \"\\nSelectors:\\n\" + selectors;","    }","    values = '';","    props = '';","    ref4 = prefixes.add;","    for (name in ref4) {","      data = ref4[name];","      if (name[0] !== '@' && data.prefixes) {","        props += prefix(name, data.prefixes);","      }","      if (!data.values) {","        continue;","      }","      ref5 = data.values;","      for (l = 0, len2 = ref5.length; l < len2; l++) {","        value = ref5[l];","        string = prefix(value.name, value.prefixes);","        if (values.indexOf(string) === -1) {","          values += string;","        }","      }","    }","    if (props !== '') {","      out += \"\\nProperties:\\n\" + props;","    }","    if (values !== '') {","      out += \"\\nValues:\\n\" + values;","    }","    if (atrules === '' && selectors === '' && props === '' && values === '') {","      out += '\\nAwesome! Your browsers don\\'t require any vendor prefixes.' + '\\nNow you can remove Autoprefixer from build steps.';","    }","    return out;","  };","","}).call(this);",""],"l":{"1":1,"2":1,"4":1,"6":1,"7":0,"10":1,"21":1,"22":0,"23":0,"24":0,"25":0,"27":0,"28":0,"31":1,"32":0,"33":0,"34":0,"36":0,"37":0,"38":0,"39":0,"40":0,"41":0,"42":0,"43":0,"45":0,"48":0,"49":0,"50":0,"51":0,"52":0,"54":0,"56":0,"57":0,"58":0,"59":0,"60":0,"61":0,"62":0,"63":0,"64":0,"67":0,"68":0,"70":0,"71":0,"72":0,"73":0,"74":0,"75":0,"78":0,"79":0,"81":0,"82":0,"83":0,"84":0,"85":0,"86":0,"87":0,"89":0,"90":0,"92":0,"93":0,"94":0,"95":0,"96":0,"97":0,"101":0,"102":0,"104":0,"105":0,"107":0,"108":0,"110":0}}}